  stdafx.cpp
  Camera.cpp
  Mesh.cpp
  Model3D.cpp
c:\users\fonea\desktop\spg\opengl_4_application_vs2015\opengl_4_application_vs2015\model3d.cpp(32): warning C4018: '<': signed/unsigned mismatch
c:\users\fonea\desktop\spg\opengl_4_application_vs2015\opengl_4_application_vs2015\model3d.cpp(73): warning C4018: '<': signed/unsigned mismatch
c:\users\fonea\desktop\spg\opengl_4_application_vs2015\opengl_4_application_vs2015\model3d.cpp(154): warning C4018: '<': signed/unsigned mismatch
  OpenGL_4_Application_VS2015.cpp
c:\users\fonea\desktop\spg\opengl_4_application_vs2015\opengl_4_application_vs2015\opengl_4_application_vs2015.cpp(54): warning C4244: 'initializing': conversion from 'double' to 'float', possible loss of data
c:\users\fonea\desktop\spg\opengl_4_application_vs2015\opengl_4_application_vs2015\opengl_4_application_vs2015.cpp(55): warning C4244: 'initializing': conversion from 'double' to 'float', possible loss of data
c:\users\fonea\desktop\spg\opengl_4_application_vs2015\opengl_4_application_vs2015\opengl_4_application_vs2015.cpp(154): warning C4244: '=': conversion from 'double' to 'float', possible loss of data
c:\users\fonea\desktop\spg\opengl_4_application_vs2015\opengl_4_application_vs2015\opengl_4_application_vs2015.cpp(155): warning C4244: '=': conversion from 'double' to 'float', possible loss of data
c:\users\fonea\desktop\spg\opengl_4_application_vs2015\opengl_4_application_vs2015\opengl_4_application_vs2015.cpp(159): warning C4244: 'initializing': conversion from 'double' to 'float', possible loss of data
c:\users\fonea\desktop\spg\opengl_4_application_vs2015\opengl_4_application_vs2015\opengl_4_application_vs2015.cpp(160): warning C4244: 'initializing': conversion from 'double' to 'float', possible loss of data
c:\users\fonea\desktop\spg\opengl_4_application_vs2015\opengl_4_application_vs2015\opengl_4_application_vs2015.cpp(161): warning C4244: '=': conversion from 'double' to 'float', possible loss of data
c:\users\fonea\desktop\spg\opengl_4_application_vs2015\opengl_4_application_vs2015\opengl_4_application_vs2015.cpp(162): warning C4244: '=': conversion from 'double' to 'float', possible loss of data
c:\users\fonea\desktop\spg\opengl_4_application_vs2015\opengl_4_application_vs2015\opengl_4_application_vs2015.cpp(272): warning C4305: 'argument': truncation from 'double' to 'GLclampf'
  Shader.cpp
  SkyBox.cpp
  Generating Code...
  stb_image.c
LINK : warning LNK4098: defaultlib 'MSVCRT' conflicts with use of other libs; use /NODEFAULTLIB:library
LINK : warning LNK4098: defaultlib 'LIBCMT' conflicts with use of other libs; use /NODEFAULTLIB:library
Mesh.obj : warning LNK4049: locally defined symbol ___glewActiveTexture imported
SkyBox.obj : warning LNK4049: locally defined symbol ___glewActiveTexture imported
Mesh.obj : warning LNK4049: locally defined symbol ___glewBindBuffer imported
SkyBox.obj : warning LNK4049: locally defined symbol ___glewBindBuffer imported
Mesh.obj : warning LNK4049: locally defined symbol ___glewBufferData imported
SkyBox.obj : warning LNK4049: locally defined symbol ___glewBufferData imported
Mesh.obj : warning LNK4049: locally defined symbol ___glewGenBuffers imported
SkyBox.obj : warning LNK4049: locally defined symbol ___glewGenBuffers imported
Mesh.obj : warning LNK4049: locally defined symbol ___glewEnableVertexAttribArray imported
SkyBox.obj : warning LNK4049: locally defined symbol ___glewEnableVertexAttribArray imported
Mesh.obj : warning LNK4049: locally defined symbol ___glewGetUniformLocation imported
SkyBox.obj : warning LNK4049: locally defined symbol ___glewGetUniformLocation imported
Mesh.obj : warning LNK4049: locally defined symbol ___glewUniform1i imported
SkyBox.obj : warning LNK4049: locally defined symbol ___glewUniform1i imported
Mesh.obj : warning LNK4049: locally defined symbol ___glewVertexAttribPointer imported
SkyBox.obj : warning LNK4049: locally defined symbol ___glewVertexAttribPointer imported
Mesh.obj : warning LNK4049: locally defined symbol ___glewBindVertexArray imported
SkyBox.obj : warning LNK4049: locally defined symbol ___glewBindVertexArray imported
Mesh.obj : warning LNK4049: locally defined symbol ___glewGenVertexArrays imported
SkyBox.obj : warning LNK4049: locally defined symbol ___glewGenVertexArrays imported
Model3D.obj : warning LNK4049: locally defined symbol ___glewGenerateMipmap imported
Shader.obj : warning LNK4049: locally defined symbol ___glewAttachShader imported
Shader.obj : warning LNK4049: locally defined symbol ___glewCompileShader imported
Shader.obj : warning LNK4049: locally defined symbol ___glewCreateProgram imported
Shader.obj : warning LNK4049: locally defined symbol ___glewCreateShader imported
Shader.obj : warning LNK4049: locally defined symbol ___glewDeleteShader imported
Shader.obj : warning LNK4049: locally defined symbol ___glewGetProgramInfoLog imported
Shader.obj : warning LNK4049: locally defined symbol ___glewGetProgramiv imported
Shader.obj : warning LNK4049: locally defined symbol ___glewGetShaderInfoLog imported
Shader.obj : warning LNK4049: locally defined symbol ___glewGetShaderiv imported
Shader.obj : warning LNK4049: locally defined symbol ___glewLinkProgram imported
Shader.obj : warning LNK4049: locally defined symbol ___glewShaderSource imported
Shader.obj : warning LNK4049: locally defined symbol ___glewUseProgram imported
SkyBox.obj : warning LNK4049: locally defined symbol ___glewUniformMatrix4fv imported
glew32s.lib(glew.obj) : warning LNK4099: PDB 'vc120.pdb' was not found with 'glew32s.lib(glew.obj)' or at 'C:\Users\Fonea\Desktop\spg\OpenGL_4_Application_VS2015\Debug\vc120.pdb'; linking object as if no debug info
  OpenGL_4_Application_VS2015.vcxproj -> C:\Users\Fonea\Desktop\spg\OpenGL_4_Application_VS2015\Debug\OpenGL_4_Application_VS2015.exe
