c:\users\fonea\desktop\spg\opengl_4_application_vs2015\opengl_4_application_vs2015\debug\opengl_4_application_vs2015.pch
c:\users\fonea\desktop\spg\opengl_4_application_vs2015\opengl_4_application_vs2015\debug\vc141.pdb
c:\users\fonea\desktop\spg\opengl_4_application_vs2015\opengl_4_application_vs2015\debug\vc141.idb
c:\users\fonea\desktop\spg\opengl_4_application_vs2015\opengl_4_application_vs2015\debug\stdafx.obj
c:\users\fonea\desktop\spg\opengl_4_application_vs2015\opengl_4_application_vs2015\debug\skybox.obj
c:\users\fonea\desktop\spg\opengl_4_application_vs2015\opengl_4_application_vs2015\debug\shader.obj
c:\users\fonea\desktop\spg\opengl_4_application_vs2015\opengl_4_application_vs2015\debug\opengl_4_application_vs2015.obj
c:\users\fonea\desktop\spg\opengl_4_application_vs2015\opengl_4_application_vs2015\debug\model3d.obj
c:\users\fonea\desktop\spg\opengl_4_application_vs2015\opengl_4_application_vs2015\debug\mesh.obj
c:\users\fonea\desktop\spg\opengl_4_application_vs2015\opengl_4_application_vs2015\debug\camera.obj
c:\users\fonea\desktop\spg\opengl_4_application_vs2015\opengl_4_application_vs2015\debug\stb_image.obj
c:\users\fonea\desktop\spg\opengl_4_application_vs2015\debug\opengl_4_application_vs2015.ilk
c:\users\fonea\desktop\spg\opengl_4_application_vs2015\debug\opengl_4_application_vs2015.exe
c:\users\fonea\desktop\spg\opengl_4_application_vs2015\debug\opengl_4_application_vs2015.pdb
c:\users\fonea\desktop\spg\opengl_4_application_vs2015\opengl_4_application_vs2015\debug\opengl_4.59a67b95.tlog\cl.command.1.tlog
c:\users\fonea\desktop\spg\opengl_4_application_vs2015\opengl_4_application_vs2015\debug\opengl_4.59a67b95.tlog\cl.read.1.tlog
c:\users\fonea\desktop\spg\opengl_4_application_vs2015\opengl_4_application_vs2015\debug\opengl_4.59a67b95.tlog\cl.write.1.tlog
c:\users\fonea\desktop\spg\opengl_4_application_vs2015\opengl_4_application_vs2015\debug\opengl_4.59a67b95.tlog\link.command.1.tlog
c:\users\fonea\desktop\spg\opengl_4_application_vs2015\opengl_4_application_vs2015\debug\opengl_4.59a67b95.tlog\link.read.1.tlog
c:\users\fonea\desktop\spg\opengl_4_application_vs2015\opengl_4_application_vs2015\debug\opengl_4.59a67b95.tlog\link.write.1.tlog
