#-----------------------------------------------------------
# Vivado v2016.4 (64-bit)
# SW Build 1756540 on Mon Jan 23 19:11:23 MST 2017
# IP Build 1755317 on Mon Jan 23 20:30:07 MST 2017
# Start of session at: Sun Aug 30 16:49:05 2020
# Process ID: 5812
# Current directory: C:/Users/trian/Desktop/Practica/VGA_on_Fpga
# Command line: vivado.exe -gui_launcher_event rodinguilauncherevent1088 C:\Users\trian\Desktop\Practica\VGA_on_Fpga\VGA_on_Fpga.xpr
# Log file: C:/Users/trian/Desktop/Practica/VGA_on_Fpga/vivado.log
# Journal file: C:/Users/trian/Desktop/Practica/VGA_on_Fpga\vivado.jou
#-----------------------------------------------------------
start_gui
open_project C:/Users/trian/Desktop/Practica/VGA_on_Fpga/VGA_on_Fpga.xpr
Scanning sources...
Finished scanning sources
INFO: [IP_Flow 19-234] Refreshing IP repositories
INFO: [IP_Flow 19-1704] No user IP repositories specified
INFO: [IP_Flow 19-2313] Loaded Vivado IP repository 'D:/Xillinx/Vivado/2016.4/data/ip'.
open_project: Time (s): cpu = 00:00:11 ; elapsed = 00:00:05 . Memory (MB): peak = 847.270 ; gain = 171.535
reset_run synth_1
launch_runs synth_1 -jobs 4
INFO: [HDL 9-1061] Parsing VHDL file "C:/Users/trian/Desktop/Practica/VGA_on_Fpga/VGA_on_Fpga.srcs/sources_1/new/Capture.vhd" into library xil_defaultlib [C:/Users/trian/Desktop/Practica/VGA_on_Fpga/VGA_on_Fpga.srcs/sources_1/new/Capture.vhd:1]
INFO: [HDL 9-1061] Parsing VHDL file "C:/Users/trian/Desktop/Practica/VGA_on_Fpga/VGA_on_Fpga.srcs/sources_1/new/I2C.vhd" into library xil_defaultlib [C:/Users/trian/Desktop/Practica/VGA_on_Fpga/VGA_on_Fpga.srcs/sources_1/new/I2C.vhd:1]
INFO: [HDL 9-1061] Parsing VHDL file "C:/Users/trian/Desktop/Practica/VGA_on_Fpga/VGA_on_Fpga.srcs/sources_1/new/VGA.vhd" into library xil_defaultlib [C:/Users/trian/Desktop/Practica/VGA_on_Fpga/VGA_on_Fpga.srcs/sources_1/new/VGA.vhd:1]
INFO: [HDL 9-1061] Parsing VHDL file "C:/Users/trian/Desktop/Practica/VGA_on_Fpga/VGA_on_Fpga.srcs/sources_1/new/bisD.vhd" into library xil_defaultlib [C:/Users/trian/Desktop/Practica/VGA_on_Fpga/VGA_on_Fpga.srcs/sources_1/new/bisD.vhd:1]
INFO: [HDL 9-1061] Parsing VHDL file "C:/Users/trian/Desktop/Practica/VGA_on_Fpga/VGA_on_Fpga.srcs/sources_1/new/clock_div.vhd" into library xil_defaultlib [C:/Users/trian/Desktop/Practica/VGA_on_Fpga/VGA_on_Fpga.srcs/sources_1/new/clock_div.vhd:1]
INFO: [HDL 9-1061] Parsing VHDL file "C:/Users/trian/Desktop/Practica/VGA_on_Fpga/VGA_on_Fpga.srcs/sources_1/new/controller.vhd" into library xil_defaultlib [C:/Users/trian/Desktop/Practica/VGA_on_Fpga/VGA_on_Fpga.srcs/sources_1/new/controller.vhd:1]
INFO: [HDL 9-1061] Parsing VHDL file "C:/Users/trian/Desktop/Practica/VGA_on_Fpga/VGA_on_Fpga.srcs/sources_1/imports/new/lab1p3.vhd" into library xil_defaultlib [C:/Users/trian/Desktop/Practica/VGA_on_Fpga/VGA_on_Fpga.srcs/sources_1/imports/new/lab1p3.vhd:1]
INFO: [HDL 9-1061] Parsing VHDL file "C:/Users/trian/Desktop/Practica/VGA_on_Fpga/VGA_on_Fpga.srcs/sources_1/new/register.vhd" into library xil_defaultlib [C:/Users/trian/Desktop/Practica/VGA_on_Fpga/VGA_on_Fpga.srcs/sources_1/new/register.vhd:1]
INFO: [HDL 9-1061] Parsing VHDL file "C:/Users/trian/Desktop/Practica/VGA_on_Fpga/VGA_on_Fpga.srcs/sources_1/new/vga_on_fpga.vhd" into library xil_defaultlib [C:/Users/trian/Desktop/Practica/VGA_on_Fpga/VGA_on_Fpga.srcs/sources_1/new/vga_on_fpga.vhd:1]
INFO: [HDL 9-1061] Parsing VHDL file "C:/Users/trian/Desktop/Practica/VGA_on_Fpga/VGA_on_Fpga.srcs/sources_1/bd/BRAM2/hdl/BRAM2.vhd" into library xil_defaultlib [C:/Users/trian/Desktop/Practica/VGA_on_Fpga/VGA_on_Fpga.srcs/sources_1/bd/BRAM2/hdl/BRAM2.vhd:1]
[Sun Aug 30 16:49:58 2020] Launched synth_1...
Run output will be captured here: C:/Users/trian/Desktop/Practica/VGA_on_Fpga/VGA_on_Fpga.runs/synth_1/runme.log
open_run synth_1 -name synth_1
Design is defaulting to impl run constrset: constrs_1
Design is defaulting to synth run part: xc7a100tcsg324-1
INFO: [Project 1-454] Reading design checkpoint 'c:/Users/trian/Desktop/Practica/VGA_on_Fpga/VGA_on_Fpga.srcs/sources_1/bd/BRAM2/ip/BRAM2_blk_mem_gen_0_0/BRAM2_blk_mem_gen_0_0.dcp' for cell 'I3/blk_mem_gen_0'
INFO: [Netlist 29-17] Analyzing 6 Unisim elements for replacement
INFO: [Netlist 29-28] Unisim Transformation completed in 0 CPU seconds
INFO: [Project 1-479] Netlist was created with Vivado 2016.4
INFO: [Device 21-403] Loading part xc7a100tcsg324-1
INFO: [Project 1-570] Preparing netlist for logic optimization
Parsing XDC File [C:/Users/trian/Desktop/Practica/VGA_on_Fpga/VGA_on_Fpga.srcs/constrs_1/imports/lab2/Basys3_test_env.xdc]
WARNING: [Vivado 12-584] No ports matched 'clk'. [C:/Users/trian/Desktop/Practica/VGA_on_Fpga/VGA_on_Fpga.srcs/constrs_1/imports/lab2/Basys3_test_env.xdc:7]
CRITICAL WARNING: [Common 17-55] 'set_property' expects at least one object. [C:/Users/trian/Desktop/Practica/VGA_on_Fpga/VGA_on_Fpga.srcs/constrs_1/imports/lab2/Basys3_test_env.xdc:7]
Resolution: If [get_<value>] was used to populate the object, check to make sure this command returns at least one valid object.
WARNING: [Vivado 12-584] No ports matched 'clk'. [C:/Users/trian/Desktop/Practica/VGA_on_Fpga/VGA_on_Fpga.srcs/constrs_1/imports/lab2/Basys3_test_env.xdc:8]
CRITICAL WARNING: [Common 17-55] 'set_property' expects at least one object. [C:/Users/trian/Desktop/Practica/VGA_on_Fpga/VGA_on_Fpga.srcs/constrs_1/imports/lab2/Basys3_test_env.xdc:8]
Resolution: If [get_<value>] was used to populate the object, check to make sure this command returns at least one valid object.
WARNING: [Vivado 12-584] No ports matched 'sw[0]'. [C:/Users/trian/Desktop/Practica/VGA_on_Fpga/VGA_on_Fpga.srcs/constrs_1/imports/lab2/Basys3_test_env.xdc:12]
CRITICAL WARNING: [Common 17-55] 'set_property' expects at least one object. [C:/Users/trian/Desktop/Practica/VGA_on_Fpga/VGA_on_Fpga.srcs/constrs_1/imports/lab2/Basys3_test_env.xdc:12]
Resolution: If [get_<value>] was used to populate the object, check to make sure this command returns at least one valid object.
WARNING: [Vivado 12-584] No ports matched 'sw[0]'. [C:/Users/trian/Desktop/Practica/VGA_on_Fpga/VGA_on_Fpga.srcs/constrs_1/imports/lab2/Basys3_test_env.xdc:13]
CRITICAL WARNING: [Common 17-55] 'set_property' expects at least one object. [C:/Users/trian/Desktop/Practica/VGA_on_Fpga/VGA_on_Fpga.srcs/constrs_1/imports/lab2/Basys3_test_env.xdc:13]
Resolution: If [get_<value>] was used to populate the object, check to make sure this command returns at least one valid object.
WARNING: [Vivado 12-584] No ports matched 'sw[1]'. [C:/Users/trian/Desktop/Practica/VGA_on_Fpga/VGA_on_Fpga.srcs/constrs_1/imports/lab2/Basys3_test_env.xdc:14]
CRITICAL WARNING: [Common 17-55] 'set_property' expects at least one object. [C:/Users/trian/Desktop/Practica/VGA_on_Fpga/VGA_on_Fpga.srcs/constrs_1/imports/lab2/Basys3_test_env.xdc:14]
Resolution: If [get_<value>] was used to populate the object, check to make sure this command returns at least one valid object.
WARNING: [Vivado 12-584] No ports matched 'sw[1]'. [C:/Users/trian/Desktop/Practica/VGA_on_Fpga/VGA_on_Fpga.srcs/constrs_1/imports/lab2/Basys3_test_env.xdc:15]
CRITICAL WARNING: [Common 17-55] 'set_property' expects at least one object. [C:/Users/trian/Desktop/Practica/VGA_on_Fpga/VGA_on_Fpga.srcs/constrs_1/imports/lab2/Basys3_test_env.xdc:15]
Resolution: If [get_<value>] was used to populate the object, check to make sure this command returns at least one valid object.
WARNING: [Vivado 12-584] No ports matched 'sw[2]'. [C:/Users/trian/Desktop/Practica/VGA_on_Fpga/VGA_on_Fpga.srcs/constrs_1/imports/lab2/Basys3_test_env.xdc:16]
CRITICAL WARNING: [Common 17-55] 'set_property' expects at least one object. [C:/Users/trian/Desktop/Practica/VGA_on_Fpga/VGA_on_Fpga.srcs/constrs_1/imports/lab2/Basys3_test_env.xdc:16]
Resolution: If [get_<value>] was used to populate the object, check to make sure this command returns at least one valid object.
WARNING: [Vivado 12-584] No ports matched 'sw[2]'. [C:/Users/trian/Desktop/Practica/VGA_on_Fpga/VGA_on_Fpga.srcs/constrs_1/imports/lab2/Basys3_test_env.xdc:17]
CRITICAL WARNING: [Common 17-55] 'set_property' expects at least one object. [C:/Users/trian/Desktop/Practica/VGA_on_Fpga/VGA_on_Fpga.srcs/constrs_1/imports/lab2/Basys3_test_env.xdc:17]
Resolution: If [get_<value>] was used to populate the object, check to make sure this command returns at least one valid object.
WARNING: [Vivado 12-584] No ports matched 'sw[3]'. [C:/Users/trian/Desktop/Practica/VGA_on_Fpga/VGA_on_Fpga.srcs/constrs_1/imports/lab2/Basys3_test_env.xdc:18]
CRITICAL WARNING: [Common 17-55] 'set_property' expects at least one object. [C:/Users/trian/Desktop/Practica/VGA_on_Fpga/VGA_on_Fpga.srcs/constrs_1/imports/lab2/Basys3_test_env.xdc:18]
Resolution: If [get_<value>] was used to populate the object, check to make sure this command returns at least one valid object.
WARNING: [Vivado 12-584] No ports matched 'sw[3]'. [C:/Users/trian/Desktop/Practica/VGA_on_Fpga/VGA_on_Fpga.srcs/constrs_1/imports/lab2/Basys3_test_env.xdc:19]
CRITICAL WARNING: [Common 17-55] 'set_property' expects at least one object. [C:/Users/trian/Desktop/Practica/VGA_on_Fpga/VGA_on_Fpga.srcs/constrs_1/imports/lab2/Basys3_test_env.xdc:19]
Resolution: If [get_<value>] was used to populate the object, check to make sure this command returns at least one valid object.
WARNING: [Vivado 12-584] No ports matched 'sw[4]'. [C:/Users/trian/Desktop/Practica/VGA_on_Fpga/VGA_on_Fpga.srcs/constrs_1/imports/lab2/Basys3_test_env.xdc:20]
CRITICAL WARNING: [Common 17-55] 'set_property' expects at least one object. [C:/Users/trian/Desktop/Practica/VGA_on_Fpga/VGA_on_Fpga.srcs/constrs_1/imports/lab2/Basys3_test_env.xdc:20]
Resolution: If [get_<value>] was used to populate the object, check to make sure this command returns at least one valid object.
WARNING: [Vivado 12-584] No ports matched 'sw[4]'. [C:/Users/trian/Desktop/Practica/VGA_on_Fpga/VGA_on_Fpga.srcs/constrs_1/imports/lab2/Basys3_test_env.xdc:21]
CRITICAL WARNING: [Common 17-55] 'set_property' expects at least one object. [C:/Users/trian/Desktop/Practica/VGA_on_Fpga/VGA_on_Fpga.srcs/constrs_1/imports/lab2/Basys3_test_env.xdc:21]
Resolution: If [get_<value>] was used to populate the object, check to make sure this command returns at least one valid object.
WARNING: [Vivado 12-584] No ports matched 'sw[5]'. [C:/Users/trian/Desktop/Practica/VGA_on_Fpga/VGA_on_Fpga.srcs/constrs_1/imports/lab2/Basys3_test_env.xdc:22]
CRITICAL WARNING: [Common 17-55] 'set_property' expects at least one object. [C:/Users/trian/Desktop/Practica/VGA_on_Fpga/VGA_on_Fpga.srcs/constrs_1/imports/lab2/Basys3_test_env.xdc:22]
Resolution: If [get_<value>] was used to populate the object, check to make sure this command returns at least one valid object.
WARNING: [Vivado 12-584] No ports matched 'sw[5]'. [C:/Users/trian/Desktop/Practica/VGA_on_Fpga/VGA_on_Fpga.srcs/constrs_1/imports/lab2/Basys3_test_env.xdc:23]
CRITICAL WARNING: [Common 17-55] 'set_property' expects at least one object. [C:/Users/trian/Desktop/Practica/VGA_on_Fpga/VGA_on_Fpga.srcs/constrs_1/imports/lab2/Basys3_test_env.xdc:23]
Resolution: If [get_<value>] was used to populate the object, check to make sure this command returns at least one valid object.
WARNING: [Vivado 12-584] No ports matched 'sw[6]'. [C:/Users/trian/Desktop/Practica/VGA_on_Fpga/VGA_on_Fpga.srcs/constrs_1/imports/lab2/Basys3_test_env.xdc:24]
CRITICAL WARNING: [Common 17-55] 'set_property' expects at least one object. [C:/Users/trian/Desktop/Practica/VGA_on_Fpga/VGA_on_Fpga.srcs/constrs_1/imports/lab2/Basys3_test_env.xdc:24]
Resolution: If [get_<value>] was used to populate the object, check to make sure this command returns at least one valid object.
WARNING: [Vivado 12-584] No ports matched 'sw[6]'. [C:/Users/trian/Desktop/Practica/VGA_on_Fpga/VGA_on_Fpga.srcs/constrs_1/imports/lab2/Basys3_test_env.xdc:25]
CRITICAL WARNING: [Common 17-55] 'set_property' expects at least one object. [C:/Users/trian/Desktop/Practica/VGA_on_Fpga/VGA_on_Fpga.srcs/constrs_1/imports/lab2/Basys3_test_env.xdc:25]
Resolution: If [get_<value>] was used to populate the object, check to make sure this command returns at least one valid object.
WARNING: [Vivado 12-584] No ports matched 'sw[7]'. [C:/Users/trian/Desktop/Practica/VGA_on_Fpga/VGA_on_Fpga.srcs/constrs_1/imports/lab2/Basys3_test_env.xdc:26]
CRITICAL WARNING: [Common 17-55] 'set_property' expects at least one object. [C:/Users/trian/Desktop/Practica/VGA_on_Fpga/VGA_on_Fpga.srcs/constrs_1/imports/lab2/Basys3_test_env.xdc:26]
Resolution: If [get_<value>] was used to populate the object, check to make sure this command returns at least one valid object.
WARNING: [Vivado 12-584] No ports matched 'sw[7]'. [C:/Users/trian/Desktop/Practica/VGA_on_Fpga/VGA_on_Fpga.srcs/constrs_1/imports/lab2/Basys3_test_env.xdc:27]
CRITICAL WARNING: [Common 17-55] 'set_property' expects at least one object. [C:/Users/trian/Desktop/Practica/VGA_on_Fpga/VGA_on_Fpga.srcs/constrs_1/imports/lab2/Basys3_test_env.xdc:27]
Resolution: If [get_<value>] was used to populate the object, check to make sure this command returns at least one valid object.
WARNING: [Vivado 12-584] No ports matched 'sw[8]'. [C:/Users/trian/Desktop/Practica/VGA_on_Fpga/VGA_on_Fpga.srcs/constrs_1/imports/lab2/Basys3_test_env.xdc:28]
CRITICAL WARNING: [Common 17-55] 'set_property' expects at least one object. [C:/Users/trian/Desktop/Practica/VGA_on_Fpga/VGA_on_Fpga.srcs/constrs_1/imports/lab2/Basys3_test_env.xdc:28]
Resolution: If [get_<value>] was used to populate the object, check to make sure this command returns at least one valid object.
WARNING: [Vivado 12-584] No ports matched 'sw[8]'. [C:/Users/trian/Desktop/Practica/VGA_on_Fpga/VGA_on_Fpga.srcs/constrs_1/imports/lab2/Basys3_test_env.xdc:29]
CRITICAL WARNING: [Common 17-55] 'set_property' expects at least one object. [C:/Users/trian/Desktop/Practica/VGA_on_Fpga/VGA_on_Fpga.srcs/constrs_1/imports/lab2/Basys3_test_env.xdc:29]
Resolution: If [get_<value>] was used to populate the object, check to make sure this command returns at least one valid object.
WARNING: [Vivado 12-584] No ports matched 'sw[9]'. [C:/Users/trian/Desktop/Practica/VGA_on_Fpga/VGA_on_Fpga.srcs/constrs_1/imports/lab2/Basys3_test_env.xdc:30]
CRITICAL WARNING: [Common 17-55] 'set_property' expects at least one object. [C:/Users/trian/Desktop/Practica/VGA_on_Fpga/VGA_on_Fpga.srcs/constrs_1/imports/lab2/Basys3_test_env.xdc:30]
Resolution: If [get_<value>] was used to populate the object, check to make sure this command returns at least one valid object.
WARNING: [Vivado 12-584] No ports matched 'sw[9]'. [C:/Users/trian/Desktop/Practica/VGA_on_Fpga/VGA_on_Fpga.srcs/constrs_1/imports/lab2/Basys3_test_env.xdc:31]
CRITICAL WARNING: [Common 17-55] 'set_property' expects at least one object. [C:/Users/trian/Desktop/Practica/VGA_on_Fpga/VGA_on_Fpga.srcs/constrs_1/imports/lab2/Basys3_test_env.xdc:31]
Resolution: If [get_<value>] was used to populate the object, check to make sure this command returns at least one valid object.
WARNING: [Vivado 12-584] No ports matched 'sw[10]'. [C:/Users/trian/Desktop/Practica/VGA_on_Fpga/VGA_on_Fpga.srcs/constrs_1/imports/lab2/Basys3_test_env.xdc:32]
CRITICAL WARNING: [Common 17-55] 'set_property' expects at least one object. [C:/Users/trian/Desktop/Practica/VGA_on_Fpga/VGA_on_Fpga.srcs/constrs_1/imports/lab2/Basys3_test_env.xdc:32]
Resolution: If [get_<value>] was used to populate the object, check to make sure this command returns at least one valid object.
WARNING: [Vivado 12-584] No ports matched 'sw[10]'. [C:/Users/trian/Desktop/Practica/VGA_on_Fpga/VGA_on_Fpga.srcs/constrs_1/imports/lab2/Basys3_test_env.xdc:33]
CRITICAL WARNING: [Common 17-55] 'set_property' expects at least one object. [C:/Users/trian/Desktop/Practica/VGA_on_Fpga/VGA_on_Fpga.srcs/constrs_1/imports/lab2/Basys3_test_env.xdc:33]
Resolution: If [get_<value>] was used to populate the object, check to make sure this command returns at least one valid object.
WARNING: [Vivado 12-584] No ports matched 'sw[11]'. [C:/Users/trian/Desktop/Practica/VGA_on_Fpga/VGA_on_Fpga.srcs/constrs_1/imports/lab2/Basys3_test_env.xdc:34]
CRITICAL WARNING: [Common 17-55] 'set_property' expects at least one object. [C:/Users/trian/Desktop/Practica/VGA_on_Fpga/VGA_on_Fpga.srcs/constrs_1/imports/lab2/Basys3_test_env.xdc:34]
Resolution: If [get_<value>] was used to populate the object, check to make sure this command returns at least one valid object.
WARNING: [Vivado 12-584] No ports matched 'sw[11]'. [C:/Users/trian/Desktop/Practica/VGA_on_Fpga/VGA_on_Fpga.srcs/constrs_1/imports/lab2/Basys3_test_env.xdc:35]
CRITICAL WARNING: [Common 17-55] 'set_property' expects at least one object. [C:/Users/trian/Desktop/Practica/VGA_on_Fpga/VGA_on_Fpga.srcs/constrs_1/imports/lab2/Basys3_test_env.xdc:35]
Resolution: If [get_<value>] was used to populate the object, check to make sure this command returns at least one valid object.
WARNING: [Vivado 12-584] No ports matched 'sw[12]'. [C:/Users/trian/Desktop/Practica/VGA_on_Fpga/VGA_on_Fpga.srcs/constrs_1/imports/lab2/Basys3_test_env.xdc:36]
CRITICAL WARNING: [Common 17-55] 'set_property' expects at least one object. [C:/Users/trian/Desktop/Practica/VGA_on_Fpga/VGA_on_Fpga.srcs/constrs_1/imports/lab2/Basys3_test_env.xdc:36]
Resolution: If [get_<value>] was used to populate the object, check to make sure this command returns at least one valid object.
WARNING: [Vivado 12-584] No ports matched 'sw[12]'. [C:/Users/trian/Desktop/Practica/VGA_on_Fpga/VGA_on_Fpga.srcs/constrs_1/imports/lab2/Basys3_test_env.xdc:37]
CRITICAL WARNING: [Common 17-55] 'set_property' expects at least one object. [C:/Users/trian/Desktop/Practica/VGA_on_Fpga/VGA_on_Fpga.srcs/constrs_1/imports/lab2/Basys3_test_env.xdc:37]
Resolution: If [get_<value>] was used to populate the object, check to make sure this command returns at least one valid object.
WARNING: [Vivado 12-584] No ports matched 'sw[13]'. [C:/Users/trian/Desktop/Practica/VGA_on_Fpga/VGA_on_Fpga.srcs/constrs_1/imports/lab2/Basys3_test_env.xdc:38]
CRITICAL WARNING: [Common 17-55] 'set_property' expects at least one object. [C:/Users/trian/Desktop/Practica/VGA_on_Fpga/VGA_on_Fpga.srcs/constrs_1/imports/lab2/Basys3_test_env.xdc:38]
Resolution: If [get_<value>] was used to populate the object, check to make sure this command returns at least one valid object.
WARNING: [Vivado 12-584] No ports matched 'sw[13]'. [C:/Users/trian/Desktop/Practica/VGA_on_Fpga/VGA_on_Fpga.srcs/constrs_1/imports/lab2/Basys3_test_env.xdc:39]
CRITICAL WARNING: [Common 17-55] 'set_property' expects at least one object. [C:/Users/trian/Desktop/Practica/VGA_on_Fpga/VGA_on_Fpga.srcs/constrs_1/imports/lab2/Basys3_test_env.xdc:39]
Resolution: If [get_<value>] was used to populate the object, check to make sure this command returns at least one valid object.
WARNING: [Vivado 12-584] No ports matched 'sw[14]'. [C:/Users/trian/Desktop/Practica/VGA_on_Fpga/VGA_on_Fpga.srcs/constrs_1/imports/lab2/Basys3_test_env.xdc:40]
CRITICAL WARNING: [Common 17-55] 'set_property' expects at least one object. [C:/Users/trian/Desktop/Practica/VGA_on_Fpga/VGA_on_Fpga.srcs/constrs_1/imports/lab2/Basys3_test_env.xdc:40]
Resolution: If [get_<value>] was used to populate the object, check to make sure this command returns at least one valid object.
WARNING: [Vivado 12-584] No ports matched 'sw[14]'. [C:/Users/trian/Desktop/Practica/VGA_on_Fpga/VGA_on_Fpga.srcs/constrs_1/imports/lab2/Basys3_test_env.xdc:41]
CRITICAL WARNING: [Common 17-55] 'set_property' expects at least one object. [C:/Users/trian/Desktop/Practica/VGA_on_Fpga/VGA_on_Fpga.srcs/constrs_1/imports/lab2/Basys3_test_env.xdc:41]
Resolution: If [get_<value>] was used to populate the object, check to make sure this command returns at least one valid object.
WARNING: [Vivado 12-584] No ports matched 'sw[15]'. [C:/Users/trian/Desktop/Practica/VGA_on_Fpga/VGA_on_Fpga.srcs/constrs_1/imports/lab2/Basys3_test_env.xdc:42]
CRITICAL WARNING: [Common 17-55] 'set_property' expects at least one object. [C:/Users/trian/Desktop/Practica/VGA_on_Fpga/VGA_on_Fpga.srcs/constrs_1/imports/lab2/Basys3_test_env.xdc:42]
Resolution: If [get_<value>] was used to populate the object, check to make sure this command returns at least one valid object.
WARNING: [Vivado 12-584] No ports matched 'sw[15]'. [C:/Users/trian/Desktop/Practica/VGA_on_Fpga/VGA_on_Fpga.srcs/constrs_1/imports/lab2/Basys3_test_env.xdc:43]
CRITICAL WARNING: [Common 17-55] 'set_property' expects at least one object. [C:/Users/trian/Desktop/Practica/VGA_on_Fpga/VGA_on_Fpga.srcs/constrs_1/imports/lab2/Basys3_test_env.xdc:43]
Resolution: If [get_<value>] was used to populate the object, check to make sure this command returns at least one valid object.
WARNING: [Vivado 12-584] No ports matched 'led[0]'. [C:/Users/trian/Desktop/Practica/VGA_on_Fpga/VGA_on_Fpga.srcs/constrs_1/imports/lab2/Basys3_test_env.xdc:47]
CRITICAL WARNING: [Common 17-55] 'set_property' expects at least one object. [C:/Users/trian/Desktop/Practica/VGA_on_Fpga/VGA_on_Fpga.srcs/constrs_1/imports/lab2/Basys3_test_env.xdc:47]
Resolution: If [get_<value>] was used to populate the object, check to make sure this command returns at least one valid object.
WARNING: [Vivado 12-584] No ports matched 'led[0]'. [C:/Users/trian/Desktop/Practica/VGA_on_Fpga/VGA_on_Fpga.srcs/constrs_1/imports/lab2/Basys3_test_env.xdc:48]
CRITICAL WARNING: [Common 17-55] 'set_property' expects at least one object. [C:/Users/trian/Desktop/Practica/VGA_on_Fpga/VGA_on_Fpga.srcs/constrs_1/imports/lab2/Basys3_test_env.xdc:48]
Resolution: If [get_<value>] was used to populate the object, check to make sure this command returns at least one valid object.
WARNING: [Vivado 12-584] No ports matched 'led[1]'. [C:/Users/trian/Desktop/Practica/VGA_on_Fpga/VGA_on_Fpga.srcs/constrs_1/imports/lab2/Basys3_test_env.xdc:49]
CRITICAL WARNING: [Common 17-55] 'set_property' expects at least one object. [C:/Users/trian/Desktop/Practica/VGA_on_Fpga/VGA_on_Fpga.srcs/constrs_1/imports/lab2/Basys3_test_env.xdc:49]
Resolution: If [get_<value>] was used to populate the object, check to make sure this command returns at least one valid object.
WARNING: [Vivado 12-584] No ports matched 'led[1]'. [C:/Users/trian/Desktop/Practica/VGA_on_Fpga/VGA_on_Fpga.srcs/constrs_1/imports/lab2/Basys3_test_env.xdc:50]
CRITICAL WARNING: [Common 17-55] 'set_property' expects at least one object. [C:/Users/trian/Desktop/Practica/VGA_on_Fpga/VGA_on_Fpga.srcs/constrs_1/imports/lab2/Basys3_test_env.xdc:50]
Resolution: If [get_<value>] was used to populate the object, check to make sure this command returns at least one valid object.
WARNING: [Vivado 12-584] No ports matched 'led[2]'. [C:/Users/trian/Desktop/Practica/VGA_on_Fpga/VGA_on_Fpga.srcs/constrs_1/imports/lab2/Basys3_test_env.xdc:51]
CRITICAL WARNING: [Common 17-55] 'set_property' expects at least one object. [C:/Users/trian/Desktop/Practica/VGA_on_Fpga/VGA_on_Fpga.srcs/constrs_1/imports/lab2/Basys3_test_env.xdc:51]
Resolution: If [get_<value>] was used to populate the object, check to make sure this command returns at least one valid object.
WARNING: [Vivado 12-584] No ports matched 'led[2]'. [C:/Users/trian/Desktop/Practica/VGA_on_Fpga/VGA_on_Fpga.srcs/constrs_1/imports/lab2/Basys3_test_env.xdc:52]
CRITICAL WARNING: [Common 17-55] 'set_property' expects at least one object. [C:/Users/trian/Desktop/Practica/VGA_on_Fpga/VGA_on_Fpga.srcs/constrs_1/imports/lab2/Basys3_test_env.xdc:52]
Resolution: If [get_<value>] was used to populate the object, check to make sure this command returns at least one valid object.
WARNING: [Vivado 12-584] No ports matched 'led[3]'. [C:/Users/trian/Desktop/Practica/VGA_on_Fpga/VGA_on_Fpga.srcs/constrs_1/imports/lab2/Basys3_test_env.xdc:53]
CRITICAL WARNING: [Common 17-55] 'set_property' expects at least one object. [C:/Users/trian/Desktop/Practica/VGA_on_Fpga/VGA_on_Fpga.srcs/constrs_1/imports/lab2/Basys3_test_env.xdc:53]
Resolution: If [get_<value>] was used to populate the object, check to make sure this command returns at least one valid object.
WARNING: [Vivado 12-584] No ports matched 'led[3]'. [C:/Users/trian/Desktop/Practica/VGA_on_Fpga/VGA_on_Fpga.srcs/constrs_1/imports/lab2/Basys3_test_env.xdc:54]
CRITICAL WARNING: [Common 17-55] 'set_property' expects at least one object. [C:/Users/trian/Desktop/Practica/VGA_on_Fpga/VGA_on_Fpga.srcs/constrs_1/imports/lab2/Basys3_test_env.xdc:54]
Resolution: If [get_<value>] was used to populate the object, check to make sure this command returns at least one valid object.
WARNING: [Vivado 12-584] No ports matched 'led[4]'. [C:/Users/trian/Desktop/Practica/VGA_on_Fpga/VGA_on_Fpga.srcs/constrs_1/imports/lab2/Basys3_test_env.xdc:55]
CRITICAL WARNING: [Common 17-55] 'set_property' expects at least one object. [C:/Users/trian/Desktop/Practica/VGA_on_Fpga/VGA_on_Fpga.srcs/constrs_1/imports/lab2/Basys3_test_env.xdc:55]
Resolution: If [get_<value>] was used to populate the object, check to make sure this command returns at least one valid object.
WARNING: [Vivado 12-584] No ports matched 'led[4]'. [C:/Users/trian/Desktop/Practica/VGA_on_Fpga/VGA_on_Fpga.srcs/constrs_1/imports/lab2/Basys3_test_env.xdc:56]
CRITICAL WARNING: [Common 17-55] 'set_property' expects at least one object. [C:/Users/trian/Desktop/Practica/VGA_on_Fpga/VGA_on_Fpga.srcs/constrs_1/imports/lab2/Basys3_test_env.xdc:56]
Resolution: If [get_<value>] was used to populate the object, check to make sure this command returns at least one valid object.
WARNING: [Vivado 12-584] No ports matched 'led[5]'. [C:/Users/trian/Desktop/Practica/VGA_on_Fpga/VGA_on_Fpga.srcs/constrs_1/imports/lab2/Basys3_test_env.xdc:57]
CRITICAL WARNING: [Common 17-55] 'set_property' expects at least one object. [C:/Users/trian/Desktop/Practica/VGA_on_Fpga/VGA_on_Fpga.srcs/constrs_1/imports/lab2/Basys3_test_env.xdc:57]
Resolution: If [get_<value>] was used to populate the object, check to make sure this command returns at least one valid object.
WARNING: [Vivado 12-584] No ports matched 'led[5]'. [C:/Users/trian/Desktop/Practica/VGA_on_Fpga/VGA_on_Fpga.srcs/constrs_1/imports/lab2/Basys3_test_env.xdc:58]
CRITICAL WARNING: [Common 17-55] 'set_property' expects at least one object. [C:/Users/trian/Desktop/Practica/VGA_on_Fpga/VGA_on_Fpga.srcs/constrs_1/imports/lab2/Basys3_test_env.xdc:58]
Resolution: If [get_<value>] was used to populate the object, check to make sure this command returns at least one valid object.
WARNING: [Vivado 12-584] No ports matched 'led[6]'. [C:/Users/trian/Desktop/Practica/VGA_on_Fpga/VGA_on_Fpga.srcs/constrs_1/imports/lab2/Basys3_test_env.xdc:59]
CRITICAL WARNING: [Common 17-55] 'set_property' expects at least one object. [C:/Users/trian/Desktop/Practica/VGA_on_Fpga/VGA_on_Fpga.srcs/constrs_1/imports/lab2/Basys3_test_env.xdc:59]
Resolution: If [get_<value>] was used to populate the object, check to make sure this command returns at least one valid object.
WARNING: [Vivado 12-584] No ports matched 'led[6]'. [C:/Users/trian/Desktop/Practica/VGA_on_Fpga/VGA_on_Fpga.srcs/constrs_1/imports/lab2/Basys3_test_env.xdc:60]
CRITICAL WARNING: [Common 17-55] 'set_property' expects at least one object. [C:/Users/trian/Desktop/Practica/VGA_on_Fpga/VGA_on_Fpga.srcs/constrs_1/imports/lab2/Basys3_test_env.xdc:60]
Resolution: If [get_<value>] was used to populate the object, check to make sure this command returns at least one valid object.
WARNING: [Vivado 12-584] No ports matched 'led[7]'. [C:/Users/trian/Desktop/Practica/VGA_on_Fpga/VGA_on_Fpga.srcs/constrs_1/imports/lab2/Basys3_test_env.xdc:61]
CRITICAL WARNING: [Common 17-55] 'set_property' expects at least one object. [C:/Users/trian/Desktop/Practica/VGA_on_Fpga/VGA_on_Fpga.srcs/constrs_1/imports/lab2/Basys3_test_env.xdc:61]
Resolution: If [get_<value>] was used to populate the object, check to make sure this command returns at least one valid object.
WARNING: [Vivado 12-584] No ports matched 'led[7]'. [C:/Users/trian/Desktop/Practica/VGA_on_Fpga/VGA_on_Fpga.srcs/constrs_1/imports/lab2/Basys3_test_env.xdc:62]
CRITICAL WARNING: [Common 17-55] 'set_property' expects at least one object. [C:/Users/trian/Desktop/Practica/VGA_on_Fpga/VGA_on_Fpga.srcs/constrs_1/imports/lab2/Basys3_test_env.xdc:62]
Resolution: If [get_<value>] was used to populate the object, check to make sure this command returns at least one valid object.
WARNING: [Vivado 12-584] No ports matched 'led[8]'. [C:/Users/trian/Desktop/Practica/VGA_on_Fpga/VGA_on_Fpga.srcs/constrs_1/imports/lab2/Basys3_test_env.xdc:63]
CRITICAL WARNING: [Common 17-55] 'set_property' expects at least one object. [C:/Users/trian/Desktop/Practica/VGA_on_Fpga/VGA_on_Fpga.srcs/constrs_1/imports/lab2/Basys3_test_env.xdc:63]
Resolution: If [get_<value>] was used to populate the object, check to make sure this command returns at least one valid object.
WARNING: [Vivado 12-584] No ports matched 'led[8]'. [C:/Users/trian/Desktop/Practica/VGA_on_Fpga/VGA_on_Fpga.srcs/constrs_1/imports/lab2/Basys3_test_env.xdc:64]
CRITICAL WARNING: [Common 17-55] 'set_property' expects at least one object. [C:/Users/trian/Desktop/Practica/VGA_on_Fpga/VGA_on_Fpga.srcs/constrs_1/imports/lab2/Basys3_test_env.xdc:64]
Resolution: If [get_<value>] was used to populate the object, check to make sure this command returns at least one valid object.
WARNING: [Vivado 12-584] No ports matched 'led[9]'. [C:/Users/trian/Desktop/Practica/VGA_on_Fpga/VGA_on_Fpga.srcs/constrs_1/imports/lab2/Basys3_test_env.xdc:65]
CRITICAL WARNING: [Common 17-55] 'set_property' expects at least one object. [C:/Users/trian/Desktop/Practica/VGA_on_Fpga/VGA_on_Fpga.srcs/constrs_1/imports/lab2/Basys3_test_env.xdc:65]
Resolution: If [get_<value>] was used to populate the object, check to make sure this command returns at least one valid object.
WARNING: [Vivado 12-584] No ports matched 'led[9]'. [C:/Users/trian/Desktop/Practica/VGA_on_Fpga/VGA_on_Fpga.srcs/constrs_1/imports/lab2/Basys3_test_env.xdc:66]
CRITICAL WARNING: [Common 17-55] 'set_property' expects at least one object. [C:/Users/trian/Desktop/Practica/VGA_on_Fpga/VGA_on_Fpga.srcs/constrs_1/imports/lab2/Basys3_test_env.xdc:66]
Resolution: If [get_<value>] was used to populate the object, check to make sure this command returns at least one valid object.
WARNING: [Vivado 12-584] No ports matched 'led[10]'. [C:/Users/trian/Desktop/Practica/VGA_on_Fpga/VGA_on_Fpga.srcs/constrs_1/imports/lab2/Basys3_test_env.xdc:67]
CRITICAL WARNING: [Common 17-55] 'set_property' expects at least one object. [C:/Users/trian/Desktop/Practica/VGA_on_Fpga/VGA_on_Fpga.srcs/constrs_1/imports/lab2/Basys3_test_env.xdc:67]
Resolution: If [get_<value>] was used to populate the object, check to make sure this command returns at least one valid object.
WARNING: [Vivado 12-584] No ports matched 'led[10]'. [C:/Users/trian/Desktop/Practica/VGA_on_Fpga/VGA_on_Fpga.srcs/constrs_1/imports/lab2/Basys3_test_env.xdc:68]
CRITICAL WARNING: [Common 17-55] 'set_property' expects at least one object. [C:/Users/trian/Desktop/Practica/VGA_on_Fpga/VGA_on_Fpga.srcs/constrs_1/imports/lab2/Basys3_test_env.xdc:68]
Resolution: If [get_<value>] was used to populate the object, check to make sure this command returns at least one valid object.
WARNING: [Vivado 12-584] No ports matched 'led[11]'. [C:/Users/trian/Desktop/Practica/VGA_on_Fpga/VGA_on_Fpga.srcs/constrs_1/imports/lab2/Basys3_test_env.xdc:69]
CRITICAL WARNING: [Common 17-55] 'set_property' expects at least one object. [C:/Users/trian/Desktop/Practica/VGA_on_Fpga/VGA_on_Fpga.srcs/constrs_1/imports/lab2/Basys3_test_env.xdc:69]
Resolution: If [get_<value>] was used to populate the object, check to make sure this command returns at least one valid object.
WARNING: [Vivado 12-584] No ports matched 'led[11]'. [C:/Users/trian/Desktop/Practica/VGA_on_Fpga/VGA_on_Fpga.srcs/constrs_1/imports/lab2/Basys3_test_env.xdc:70]
CRITICAL WARNING: [Common 17-55] 'set_property' expects at least one object. [C:/Users/trian/Desktop/Practica/VGA_on_Fpga/VGA_on_Fpga.srcs/constrs_1/imports/lab2/Basys3_test_env.xdc:70]
Resolution: If [get_<value>] was used to populate the object, check to make sure this command returns at least one valid object.
WARNING: [Vivado 12-584] No ports matched 'led[12]'. [C:/Users/trian/Desktop/Practica/VGA_on_Fpga/VGA_on_Fpga.srcs/constrs_1/imports/lab2/Basys3_test_env.xdc:71]
CRITICAL WARNING: [Common 17-55] 'set_property' expects at least one object. [C:/Users/trian/Desktop/Practica/VGA_on_Fpga/VGA_on_Fpga.srcs/constrs_1/imports/lab2/Basys3_test_env.xdc:71]
Resolution: If [get_<value>] was used to populate the object, check to make sure this command returns at least one valid object.
WARNING: [Vivado 12-584] No ports matched 'led[12]'. [C:/Users/trian/Desktop/Practica/VGA_on_Fpga/VGA_on_Fpga.srcs/constrs_1/imports/lab2/Basys3_test_env.xdc:72]
CRITICAL WARNING: [Common 17-55] 'set_property' expects at least one object. [C:/Users/trian/Desktop/Practica/VGA_on_Fpga/VGA_on_Fpga.srcs/constrs_1/imports/lab2/Basys3_test_env.xdc:72]
Resolution: If [get_<value>] was used to populate the object, check to make sure this command returns at least one valid object.
WARNING: [Vivado 12-584] No ports matched 'led[13]'. [C:/Users/trian/Desktop/Practica/VGA_on_Fpga/VGA_on_Fpga.srcs/constrs_1/imports/lab2/Basys3_test_env.xdc:73]
CRITICAL WARNING: [Common 17-55] 'set_property' expects at least one object. [C:/Users/trian/Desktop/Practica/VGA_on_Fpga/VGA_on_Fpga.srcs/constrs_1/imports/lab2/Basys3_test_env.xdc:73]
Resolution: If [get_<value>] was used to populate the object, check to make sure this command returns at least one valid object.
WARNING: [Vivado 12-584] No ports matched 'led[13]'. [C:/Users/trian/Desktop/Practica/VGA_on_Fpga/VGA_on_Fpga.srcs/constrs_1/imports/lab2/Basys3_test_env.xdc:74]
CRITICAL WARNING: [Common 17-55] 'set_property' expects at least one object. [C:/Users/trian/Desktop/Practica/VGA_on_Fpga/VGA_on_Fpga.srcs/constrs_1/imports/lab2/Basys3_test_env.xdc:74]
Resolution: If [get_<value>] was used to populate the object, check to make sure this command returns at least one valid object.
WARNING: [Vivado 12-584] No ports matched 'led[14]'. [C:/Users/trian/Desktop/Practica/VGA_on_Fpga/VGA_on_Fpga.srcs/constrs_1/imports/lab2/Basys3_test_env.xdc:75]
CRITICAL WARNING: [Common 17-55] 'set_property' expects at least one object. [C:/Users/trian/Desktop/Practica/VGA_on_Fpga/VGA_on_Fpga.srcs/constrs_1/imports/lab2/Basys3_test_env.xdc:75]
Resolution: If [get_<value>] was used to populate the object, check to make sure this command returns at least one valid object.
WARNING: [Vivado 12-584] No ports matched 'led[14]'. [C:/Users/trian/Desktop/Practica/VGA_on_Fpga/VGA_on_Fpga.srcs/constrs_1/imports/lab2/Basys3_test_env.xdc:76]
CRITICAL WARNING: [Common 17-55] 'set_property' expects at least one object. [C:/Users/trian/Desktop/Practica/VGA_on_Fpga/VGA_on_Fpga.srcs/constrs_1/imports/lab2/Basys3_test_env.xdc:76]
Resolution: If [get_<value>] was used to populate the object, check to make sure this command returns at least one valid object.
WARNING: [Vivado 12-584] No ports matched 'led[15]'. [C:/Users/trian/Desktop/Practica/VGA_on_Fpga/VGA_on_Fpga.srcs/constrs_1/imports/lab2/Basys3_test_env.xdc:77]
CRITICAL WARNING: [Common 17-55] 'set_property' expects at least one object. [C:/Users/trian/Desktop/Practica/VGA_on_Fpga/VGA_on_Fpga.srcs/constrs_1/imports/lab2/Basys3_test_env.xdc:77]
Resolution: If [get_<value>] was used to populate the object, check to make sure this command returns at least one valid object.
WARNING: [Vivado 12-584] No ports matched 'led[15]'. [C:/Users/trian/Desktop/Practica/VGA_on_Fpga/VGA_on_Fpga.srcs/constrs_1/imports/lab2/Basys3_test_env.xdc:78]
CRITICAL WARNING: [Common 17-55] 'set_property' expects at least one object. [C:/Users/trian/Desktop/Practica/VGA_on_Fpga/VGA_on_Fpga.srcs/constrs_1/imports/lab2/Basys3_test_env.xdc:78]
Resolution: If [get_<value>] was used to populate the object, check to make sure this command returns at least one valid object.
WARNING: [Vivado 12-584] No ports matched 'cat[0]'. [C:/Users/trian/Desktop/Practica/VGA_on_Fpga/VGA_on_Fpga.srcs/constrs_1/imports/lab2/Basys3_test_env.xdc:82]
CRITICAL WARNING: [Common 17-55] 'set_property' expects at least one object. [C:/Users/trian/Desktop/Practica/VGA_on_Fpga/VGA_on_Fpga.srcs/constrs_1/imports/lab2/Basys3_test_env.xdc:82]
Resolution: If [get_<value>] was used to populate the object, check to make sure this command returns at least one valid object.
WARNING: [Vivado 12-584] No ports matched 'cat[0]'. [C:/Users/trian/Desktop/Practica/VGA_on_Fpga/VGA_on_Fpga.srcs/constrs_1/imports/lab2/Basys3_test_env.xdc:83]
CRITICAL WARNING: [Common 17-55] 'set_property' expects at least one object. [C:/Users/trian/Desktop/Practica/VGA_on_Fpga/VGA_on_Fpga.srcs/constrs_1/imports/lab2/Basys3_test_env.xdc:83]
Resolution: If [get_<value>] was used to populate the object, check to make sure this command returns at least one valid object.
WARNING: [Vivado 12-584] No ports matched 'cat[1]'. [C:/Users/trian/Desktop/Practica/VGA_on_Fpga/VGA_on_Fpga.srcs/constrs_1/imports/lab2/Basys3_test_env.xdc:84]
CRITICAL WARNING: [Common 17-55] 'set_property' expects at least one object. [C:/Users/trian/Desktop/Practica/VGA_on_Fpga/VGA_on_Fpga.srcs/constrs_1/imports/lab2/Basys3_test_env.xdc:84]
Resolution: If [get_<value>] was used to populate the object, check to make sure this command returns at least one valid object.
WARNING: [Vivado 12-584] No ports matched 'cat[1]'. [C:/Users/trian/Desktop/Practica/VGA_on_Fpga/VGA_on_Fpga.srcs/constrs_1/imports/lab2/Basys3_test_env.xdc:85]
CRITICAL WARNING: [Common 17-55] 'set_property' expects at least one object. [C:/Users/trian/Desktop/Practica/VGA_on_Fpga/VGA_on_Fpga.srcs/constrs_1/imports/lab2/Basys3_test_env.xdc:85]
Resolution: If [get_<value>] was used to populate the object, check to make sure this command returns at least one valid object.
WARNING: [Vivado 12-584] No ports matched 'cat[2]'. [C:/Users/trian/Desktop/Practica/VGA_on_Fpga/VGA_on_Fpga.srcs/constrs_1/imports/lab2/Basys3_test_env.xdc:86]
CRITICAL WARNING: [Common 17-55] 'set_property' expects at least one object. [C:/Users/trian/Desktop/Practica/VGA_on_Fpga/VGA_on_Fpga.srcs/constrs_1/imports/lab2/Basys3_test_env.xdc:86]
Resolution: If [get_<value>] was used to populate the object, check to make sure this command returns at least one valid object.
WARNING: [Vivado 12-584] No ports matched 'cat[2]'. [C:/Users/trian/Desktop/Practica/VGA_on_Fpga/VGA_on_Fpga.srcs/constrs_1/imports/lab2/Basys3_test_env.xdc:87]
CRITICAL WARNING: [Common 17-55] 'set_property' expects at least one object. [C:/Users/trian/Desktop/Practica/VGA_on_Fpga/VGA_on_Fpga.srcs/constrs_1/imports/lab2/Basys3_test_env.xdc:87]
Resolution: If [get_<value>] was used to populate the object, check to make sure this command returns at least one valid object.
WARNING: [Vivado 12-584] No ports matched 'cat[3]'. [C:/Users/trian/Desktop/Practica/VGA_on_Fpga/VGA_on_Fpga.srcs/constrs_1/imports/lab2/Basys3_test_env.xdc:88]
CRITICAL WARNING: [Common 17-55] 'set_property' expects at least one object. [C:/Users/trian/Desktop/Practica/VGA_on_Fpga/VGA_on_Fpga.srcs/constrs_1/imports/lab2/Basys3_test_env.xdc:88]
Resolution: If [get_<value>] was used to populate the object, check to make sure this command returns at least one valid object.
WARNING: [Vivado 12-584] No ports matched 'cat[3]'. [C:/Users/trian/Desktop/Practica/VGA_on_Fpga/VGA_on_Fpga.srcs/constrs_1/imports/lab2/Basys3_test_env.xdc:89]
CRITICAL WARNING: [Common 17-55] 'set_property' expects at least one object. [C:/Users/trian/Desktop/Practica/VGA_on_Fpga/VGA_on_Fpga.srcs/constrs_1/imports/lab2/Basys3_test_env.xdc:89]
Resolution: If [get_<value>] was used to populate the object, check to make sure this command returns at least one valid object.
WARNING: [Vivado 12-584] No ports matched 'cat[4]'. [C:/Users/trian/Desktop/Practica/VGA_on_Fpga/VGA_on_Fpga.srcs/constrs_1/imports/lab2/Basys3_test_env.xdc:90]
CRITICAL WARNING: [Common 17-55] 'set_property' expects at least one object. [C:/Users/trian/Desktop/Practica/VGA_on_Fpga/VGA_on_Fpga.srcs/constrs_1/imports/lab2/Basys3_test_env.xdc:90]
Resolution: If [get_<value>] was used to populate the object, check to make sure this command returns at least one valid object.
WARNING: [Vivado 12-584] No ports matched 'cat[4]'. [C:/Users/trian/Desktop/Practica/VGA_on_Fpga/VGA_on_Fpga.srcs/constrs_1/imports/lab2/Basys3_test_env.xdc:91]
CRITICAL WARNING: [Common 17-55] 'set_property' expects at least one object. [C:/Users/trian/Desktop/Practica/VGA_on_Fpga/VGA_on_Fpga.srcs/constrs_1/imports/lab2/Basys3_test_env.xdc:91]
Resolution: If [get_<value>] was used to populate the object, check to make sure this command returns at least one valid object.
WARNING: [Vivado 12-584] No ports matched 'cat[5]'. [C:/Users/trian/Desktop/Practica/VGA_on_Fpga/VGA_on_Fpga.srcs/constrs_1/imports/lab2/Basys3_test_env.xdc:92]
CRITICAL WARNING: [Common 17-55] 'set_property' expects at least one object. [C:/Users/trian/Desktop/Practica/VGA_on_Fpga/VGA_on_Fpga.srcs/constrs_1/imports/lab2/Basys3_test_env.xdc:92]
Resolution: If [get_<value>] was used to populate the object, check to make sure this command returns at least one valid object.
WARNING: [Vivado 12-584] No ports matched 'cat[5]'. [C:/Users/trian/Desktop/Practica/VGA_on_Fpga/VGA_on_Fpga.srcs/constrs_1/imports/lab2/Basys3_test_env.xdc:93]
CRITICAL WARNING: [Common 17-55] 'set_property' expects at least one object. [C:/Users/trian/Desktop/Practica/VGA_on_Fpga/VGA_on_Fpga.srcs/constrs_1/imports/lab2/Basys3_test_env.xdc:93]
Resolution: If [get_<value>] was used to populate the object, check to make sure this command returns at least one valid object.
WARNING: [Vivado 12-584] No ports matched 'cat[6]'. [C:/Users/trian/Desktop/Practica/VGA_on_Fpga/VGA_on_Fpga.srcs/constrs_1/imports/lab2/Basys3_test_env.xdc:94]
CRITICAL WARNING: [Common 17-55] 'set_property' expects at least one object. [C:/Users/trian/Desktop/Practica/VGA_on_Fpga/VGA_on_Fpga.srcs/constrs_1/imports/lab2/Basys3_test_env.xdc:94]
Resolution: If [get_<value>] was used to populate the object, check to make sure this command returns at least one valid object.
WARNING: [Vivado 12-584] No ports matched 'cat[6]'. [C:/Users/trian/Desktop/Practica/VGA_on_Fpga/VGA_on_Fpga.srcs/constrs_1/imports/lab2/Basys3_test_env.xdc:95]
CRITICAL WARNING: [Common 17-55] 'set_property' expects at least one object. [C:/Users/trian/Desktop/Practica/VGA_on_Fpga/VGA_on_Fpga.srcs/constrs_1/imports/lab2/Basys3_test_env.xdc:95]
Resolution: If [get_<value>] was used to populate the object, check to make sure this command returns at least one valid object.
WARNING: [Vivado 12-584] No ports matched 'an[0]'. [C:/Users/trian/Desktop/Practica/VGA_on_Fpga/VGA_on_Fpga.srcs/constrs_1/imports/lab2/Basys3_test_env.xdc:99]
CRITICAL WARNING: [Common 17-55] 'set_property' expects at least one object. [C:/Users/trian/Desktop/Practica/VGA_on_Fpga/VGA_on_Fpga.srcs/constrs_1/imports/lab2/Basys3_test_env.xdc:99]
Resolution: If [get_<value>] was used to populate the object, check to make sure this command returns at least one valid object.
WARNING: [Vivado 12-584] No ports matched 'an[0]'. [C:/Users/trian/Desktop/Practica/VGA_on_Fpga/VGA_on_Fpga.srcs/constrs_1/imports/lab2/Basys3_test_env.xdc:100]
CRITICAL WARNING: [Common 17-55] 'set_property' expects at least one object. [C:/Users/trian/Desktop/Practica/VGA_on_Fpga/VGA_on_Fpga.srcs/constrs_1/imports/lab2/Basys3_test_env.xdc:100]
Resolution: If [get_<value>] was used to populate the object, check to make sure this command returns at least one valid object.
WARNING: [Vivado 12-584] No ports matched 'an[1]'. [C:/Users/trian/Desktop/Practica/VGA_on_Fpga/VGA_on_Fpga.srcs/constrs_1/imports/lab2/Basys3_test_env.xdc:101]
CRITICAL WARNING: [Common 17-55] 'set_property' expects at least one object. [C:/Users/trian/Desktop/Practica/VGA_on_Fpga/VGA_on_Fpga.srcs/constrs_1/imports/lab2/Basys3_test_env.xdc:101]
Resolution: If [get_<value>] was used to populate the object, check to make sure this command returns at least one valid object.
WARNING: [Vivado 12-584] No ports matched 'an[1]'. [C:/Users/trian/Desktop/Practica/VGA_on_Fpga/VGA_on_Fpga.srcs/constrs_1/imports/lab2/Basys3_test_env.xdc:102]
CRITICAL WARNING: [Common 17-55] 'set_property' expects at least one object. [C:/Users/trian/Desktop/Practica/VGA_on_Fpga/VGA_on_Fpga.srcs/constrs_1/imports/lab2/Basys3_test_env.xdc:102]
Resolution: If [get_<value>] was used to populate the object, check to make sure this command returns at least one valid object.
WARNING: [Vivado 12-584] No ports matched 'an[2]'. [C:/Users/trian/Desktop/Practica/VGA_on_Fpga/VGA_on_Fpga.srcs/constrs_1/imports/lab2/Basys3_test_env.xdc:103]
CRITICAL WARNING: [Common 17-55] 'set_property' expects at least one object. [C:/Users/trian/Desktop/Practica/VGA_on_Fpga/VGA_on_Fpga.srcs/constrs_1/imports/lab2/Basys3_test_env.xdc:103]
Resolution: If [get_<value>] was used to populate the object, check to make sure this command returns at least one valid object.
WARNING: [Vivado 12-584] No ports matched 'an[2]'. [C:/Users/trian/Desktop/Practica/VGA_on_Fpga/VGA_on_Fpga.srcs/constrs_1/imports/lab2/Basys3_test_env.xdc:104]
CRITICAL WARNING: [Common 17-55] 'set_property' expects at least one object. [C:/Users/trian/Desktop/Practica/VGA_on_Fpga/VGA_on_Fpga.srcs/constrs_1/imports/lab2/Basys3_test_env.xdc:104]
Resolution: If [get_<value>] was used to populate the object, check to make sure this command returns at least one valid object.
WARNING: [Vivado 12-584] No ports matched 'an[3]'. [C:/Users/trian/Desktop/Practica/VGA_on_Fpga/VGA_on_Fpga.srcs/constrs_1/imports/lab2/Basys3_test_env.xdc:105]
CRITICAL WARNING: [Common 17-55] 'set_property' expects at least one object. [C:/Users/trian/Desktop/Practica/VGA_on_Fpga/VGA_on_Fpga.srcs/constrs_1/imports/lab2/Basys3_test_env.xdc:105]
Resolution: If [get_<value>] was used to populate the object, check to make sure this command returns at least one valid object.
WARNING: [Vivado 12-584] No ports matched 'an[3]'. [C:/Users/trian/Desktop/Practica/VGA_on_Fpga/VGA_on_Fpga.srcs/constrs_1/imports/lab2/Basys3_test_env.xdc:106]
CRITICAL WARNING: [Common 17-55] 'set_property' expects at least one object. [C:/Users/trian/Desktop/Practica/VGA_on_Fpga/VGA_on_Fpga.srcs/constrs_1/imports/lab2/Basys3_test_env.xdc:106]
Resolution: If [get_<value>] was used to populate the object, check to make sure this command returns at least one valid object.
WARNING: [Vivado 12-584] No ports matched 'btn[0]'. [C:/Users/trian/Desktop/Practica/VGA_on_Fpga/VGA_on_Fpga.srcs/constrs_1/imports/lab2/Basys3_test_env.xdc:110]
CRITICAL WARNING: [Common 17-55] 'set_property' expects at least one object. [C:/Users/trian/Desktop/Practica/VGA_on_Fpga/VGA_on_Fpga.srcs/constrs_1/imports/lab2/Basys3_test_env.xdc:110]
Resolution: If [get_<value>] was used to populate the object, check to make sure this command returns at least one valid object.
WARNING: [Vivado 12-584] No ports matched 'btn[0]'. [C:/Users/trian/Desktop/Practica/VGA_on_Fpga/VGA_on_Fpga.srcs/constrs_1/imports/lab2/Basys3_test_env.xdc:111]
CRITICAL WARNING: [Common 17-55] 'set_property' expects at least one object. [C:/Users/trian/Desktop/Practica/VGA_on_Fpga/VGA_on_Fpga.srcs/constrs_1/imports/lab2/Basys3_test_env.xdc:111]
Resolution: If [get_<value>] was used to populate the object, check to make sure this command returns at least one valid object.
WARNING: [Vivado 12-584] No ports matched 'btn[1]'. [C:/Users/trian/Desktop/Practica/VGA_on_Fpga/VGA_on_Fpga.srcs/constrs_1/imports/lab2/Basys3_test_env.xdc:112]
CRITICAL WARNING: [Common 17-55] 'set_property' expects at least one object. [C:/Users/trian/Desktop/Practica/VGA_on_Fpga/VGA_on_Fpga.srcs/constrs_1/imports/lab2/Basys3_test_env.xdc:112]
Resolution: If [get_<value>] was used to populate the object, check to make sure this command returns at least one valid object.
WARNING: [Vivado 12-584] No ports matched 'btn[1]'. [C:/Users/trian/Desktop/Practica/VGA_on_Fpga/VGA_on_Fpga.srcs/constrs_1/imports/lab2/Basys3_test_env.xdc:113]
CRITICAL WARNING: [Common 17-55] 'set_property' expects at least one object. [C:/Users/trian/Desktop/Practica/VGA_on_Fpga/VGA_on_Fpga.srcs/constrs_1/imports/lab2/Basys3_test_env.xdc:113]
Resolution: If [get_<value>] was used to populate the object, check to make sure this command returns at least one valid object.
WARNING: [Vivado 12-584] No ports matched 'btn[2]'. [C:/Users/trian/Desktop/Practica/VGA_on_Fpga/VGA_on_Fpga.srcs/constrs_1/imports/lab2/Basys3_test_env.xdc:114]
CRITICAL WARNING: [Common 17-55] 'set_property' expects at least one object. [C:/Users/trian/Desktop/Practica/VGA_on_Fpga/VGA_on_Fpga.srcs/constrs_1/imports/lab2/Basys3_test_env.xdc:114]
Resolution: If [get_<value>] was used to populate the object, check to make sure this command returns at least one valid object.
WARNING: [Vivado 12-584] No ports matched 'btn[2]'. [C:/Users/trian/Desktop/Practica/VGA_on_Fpga/VGA_on_Fpga.srcs/constrs_1/imports/lab2/Basys3_test_env.xdc:115]
CRITICAL WARNING: [Common 17-55] 'set_property' expects at least one object. [C:/Users/trian/Desktop/Practica/VGA_on_Fpga/VGA_on_Fpga.srcs/constrs_1/imports/lab2/Basys3_test_env.xdc:115]
Resolution: If [get_<value>] was used to populate the object, check to make sure this command returns at least one valid object.
WARNING: [Vivado 12-584] No ports matched 'btn[3]'. [C:/Users/trian/Desktop/Practica/VGA_on_Fpga/VGA_on_Fpga.srcs/constrs_1/imports/lab2/Basys3_test_env.xdc:116]
CRITICAL WARNING: [Common 17-55] 'set_property' expects at least one object. [C:/Users/trian/Desktop/Practica/VGA_on_Fpga/VGA_on_Fpga.srcs/constrs_1/imports/lab2/Basys3_test_env.xdc:116]
Resolution: If [get_<value>] was used to populate the object, check to make sure this command returns at least one valid object.
WARNING: [Vivado 12-584] No ports matched 'btn[3]'. [C:/Users/trian/Desktop/Practica/VGA_on_Fpga/VGA_on_Fpga.srcs/constrs_1/imports/lab2/Basys3_test_env.xdc:117]
CRITICAL WARNING: [Common 17-55] 'set_property' expects at least one object. [C:/Users/trian/Desktop/Practica/VGA_on_Fpga/VGA_on_Fpga.srcs/constrs_1/imports/lab2/Basys3_test_env.xdc:117]
Resolution: If [get_<value>] was used to populate the object, check to make sure this command returns at least one valid object.
WARNING: [Vivado 12-584] No ports matched 'btn[4]'. [C:/Users/trian/Desktop/Practica/VGA_on_Fpga/VGA_on_Fpga.srcs/constrs_1/imports/lab2/Basys3_test_env.xdc:118]
CRITICAL WARNING: [Common 17-55] 'set_property' expects at least one object. [C:/Users/trian/Desktop/Practica/VGA_on_Fpga/VGA_on_Fpga.srcs/constrs_1/imports/lab2/Basys3_test_env.xdc:118]
Resolution: If [get_<value>] was used to populate the object, check to make sure this command returns at least one valid object.
WARNING: [Vivado 12-584] No ports matched 'btn[4]'. [C:/Users/trian/Desktop/Practica/VGA_on_Fpga/VGA_on_Fpga.srcs/constrs_1/imports/lab2/Basys3_test_env.xdc:119]
CRITICAL WARNING: [Common 17-55] 'set_property' expects at least one object. [C:/Users/trian/Desktop/Practica/VGA_on_Fpga/VGA_on_Fpga.srcs/constrs_1/imports/lab2/Basys3_test_env.xdc:119]
Resolution: If [get_<value>] was used to populate the object, check to make sure this command returns at least one valid object.
Finished Parsing XDC File [C:/Users/trian/Desktop/Practica/VGA_on_Fpga/VGA_on_Fpga.srcs/constrs_1/imports/lab2/Basys3_test_env.xdc]
INFO: [Project 1-538] Using original IP XDC constraints instead of the XDC constraints in dcp 'c:/Users/trian/Desktop/Practica/VGA_on_Fpga/VGA_on_Fpga.srcs/sources_1/bd/BRAM2/ip/BRAM2_blk_mem_gen_0_0/BRAM2_blk_mem_gen_0_0.dcp'
INFO: [Opt 31-138] Pushed 0 inverter(s) to 0 load pin(s).
INFO: [Project 1-111] Unisim Transformation Summary:
No Unisim elements were transformed.

open_run: Time (s): cpu = 00:00:23 ; elapsed = 00:00:15 . Memory (MB): peak = 1184.734 ; gain = 323.055
create_ip_run [get_files -of_objects [get_fileset sources_1] C:/Users/trian/Desktop/Practica/VGA_on_Fpga/VGA_on_Fpga.srcs/sources_1/bd/BRAM2/BRAM2.bd]
synth_design -rtl -name rtl_1
Command: synth_design -rtl -name rtl_1
Starting synth_design
Using part: xc7a100tcsg324-1
Top: vga_on_fpga
---------------------------------------------------------------------------------
Starting RTL Elaboration : Time (s): cpu = 00:02:05 ; elapsed = 00:02:38 . Memory (MB): peak = 1622.398 ; gain = 1412.813
---------------------------------------------------------------------------------
INFO: [Synth 8-638] synthesizing module 'vga_on_fpga' [C:/Users/trian/Desktop/Practica/VGA_on_Fpga/VGA_on_Fpga.srcs/sources_1/new/vga_on_fpga.vhd:59]
INFO: [Synth 8-3491] module 'lab1p3' declared at 'C:/Users/trian/Desktop/Practica/VGA_on_Fpga/VGA_on_Fpga.srcs/sources_1/imports/new/lab1p3.vhd:35' bound to instance 'I0' of component 'lab1p3' [C:/Users/trian/Desktop/Practica/VGA_on_Fpga/VGA_on_Fpga.srcs/sources_1/new/vga_on_fpga.vhd:141]
INFO: [Synth 8-638] synthesizing module 'lab1p3' [C:/Users/trian/Desktop/Practica/VGA_on_Fpga/VGA_on_Fpga.srcs/sources_1/imports/new/lab1p3.vhd:41]
INFO: [Synth 8-256] done synthesizing module 'lab1p3' (1#1) [C:/Users/trian/Desktop/Practica/VGA_on_Fpga/VGA_on_Fpga.srcs/sources_1/imports/new/lab1p3.vhd:41]
INFO: [Synth 8-3491] module 'VGA' declared at 'C:/Users/trian/Desktop/Practica/VGA_on_Fpga/VGA_on_Fpga.srcs/sources_1/new/VGA.vhd:34' bound to instance 'I1' of component 'VGA' [C:/Users/trian/Desktop/Practica/VGA_on_Fpga/VGA_on_Fpga.srcs/sources_1/new/vga_on_fpga.vhd:144]
INFO: [Synth 8-638] synthesizing module 'VGA' [C:/Users/trian/Desktop/Practica/VGA_on_Fpga/VGA_on_Fpga.srcs/sources_1/new/VGA.vhd:47]
INFO: [Synth 8-256] done synthesizing module 'VGA' (2#1) [C:/Users/trian/Desktop/Practica/VGA_on_Fpga/VGA_on_Fpga.srcs/sources_1/new/VGA.vhd:47]
INFO: [Synth 8-3491] module 'Capture' declared at 'C:/Users/trian/Desktop/Practica/VGA_on_Fpga/VGA_on_Fpga.srcs/sources_1/new/Capture.vhd:40' bound to instance 'I2' of component 'Capture' [C:/Users/trian/Desktop/Practica/VGA_on_Fpga/VGA_on_Fpga.srcs/sources_1/new/vga_on_fpga.vhd:152]
INFO: [Synth 8-638] synthesizing module 'Capture' [C:/Users/trian/Desktop/Practica/VGA_on_Fpga/VGA_on_Fpga.srcs/sources_1/new/Capture.vhd:50]
INFO: [Synth 8-256] done synthesizing module 'Capture' (3#1) [C:/Users/trian/Desktop/Practica/VGA_on_Fpga/VGA_on_Fpga.srcs/sources_1/new/Capture.vhd:50]
INFO: [Synth 8-3491] module 'BRAM2' declared at 'C:/Users/trian/Desktop/Practica/VGA_on_Fpga/VGA_on_Fpga.srcs/sources_1/bd/BRAM2/hdl/BRAM2.vhd:14' bound to instance 'I3' of component 'BRAM2' [C:/Users/trian/Desktop/Practica/VGA_on_Fpga/VGA_on_Fpga.srcs/sources_1/new/vga_on_fpga.vhd:154]
INFO: [Synth 8-638] synthesizing module 'BRAM2' [C:/Users/trian/Desktop/Practica/VGA_on_Fpga/VGA_on_Fpga.srcs/sources_1/bd/BRAM2/hdl/BRAM2.vhd:21]
INFO: [Synth 8-3491] module 'BRAM2_blk_mem_gen_0_0' declared at 'C:/Users/trian/Desktop/Practica/VGA_on_Fpga/.Xil/Vivado-5812-DESKTOP-UG71SN2/realtime/BRAM2_blk_mem_gen_0_0_stub.vhdl:5' bound to instance 'blk_mem_gen_0' of component 'BRAM2_blk_mem_gen_0_0' [C:/Users/trian/Desktop/Practica/VGA_on_Fpga/VGA_on_Fpga.srcs/sources_1/bd/BRAM2/hdl/BRAM2.vhd:35]
INFO: [Synth 8-638] synthesizing module 'BRAM2_blk_mem_gen_0_0' [C:/Users/trian/Desktop/Practica/VGA_on_Fpga/.Xil/Vivado-5812-DESKTOP-UG71SN2/realtime/BRAM2_blk_mem_gen_0_0_stub.vhdl:18]
INFO: [Synth 8-256] done synthesizing module 'BRAM2' (4#1) [C:/Users/trian/Desktop/Practica/VGA_on_Fpga/VGA_on_Fpga.srcs/sources_1/bd/BRAM2/hdl/BRAM2.vhd:21]
INFO: [Synth 8-3491] module 'controller' declared at 'C:/Users/trian/Desktop/Practica/VGA_on_Fpga/VGA_on_Fpga.srcs/sources_1/new/controller.vhd:34' bound to instance 'I4' of component 'controller' [C:/Users/trian/Desktop/Practica/VGA_on_Fpga/VGA_on_Fpga.srcs/sources_1/new/vga_on_fpga.vhd:156]
INFO: [Synth 8-638] synthesizing module 'controller' [C:/Users/trian/Desktop/Practica/VGA_on_Fpga/VGA_on_Fpga.srcs/sources_1/new/controller.vhd:46]
INFO: [Synth 8-3491] module 'I2C' declared at 'C:/Users/trian/Desktop/Practica/VGA_on_Fpga/VGA_on_Fpga.srcs/sources_1/new/I2C.vhd:34' bound to instance 'A1' of component 'I2C' [C:/Users/trian/Desktop/Practica/VGA_on_Fpga/VGA_on_Fpga.srcs/sources_1/new/controller.vhd:81]
INFO: [Synth 8-638] synthesizing module 'I2C' [C:/Users/trian/Desktop/Practica/VGA_on_Fpga/VGA_on_Fpga.srcs/sources_1/new/I2C.vhd:45]
INFO: [Synth 8-256] done synthesizing module 'I2C' (5#1) [C:/Users/trian/Desktop/Practica/VGA_on_Fpga/VGA_on_Fpga.srcs/sources_1/new/I2C.vhd:45]
INFO: [Synth 8-3491] module 'registers' declared at 'C:/Users/trian/Desktop/Practica/VGA_on_Fpga/VGA_on_Fpga.srcs/sources_1/new/register.vhd:34' bound to instance 'A2' of component 'registers' [C:/Users/trian/Desktop/Practica/VGA_on_Fpga/VGA_on_Fpga.srcs/sources_1/new/controller.vhd:87]
INFO: [Synth 8-638] synthesizing module 'registers' [C:/Users/trian/Desktop/Practica/VGA_on_Fpga/VGA_on_Fpga.srcs/sources_1/new/register.vhd:42]
INFO: [Synth 8-256] done synthesizing module 'registers' (6#1) [C:/Users/trian/Desktop/Practica/VGA_on_Fpga/VGA_on_Fpga.srcs/sources_1/new/register.vhd:42]
INFO: [Synth 8-256] done synthesizing module 'controller' (7#1) [C:/Users/trian/Desktop/Practica/VGA_on_Fpga/VGA_on_Fpga.srcs/sources_1/new/controller.vhd:46]
INFO: [Synth 8-3491] module 'clock_div' declared at 'C:/Users/trian/Desktop/Practica/VGA_on_Fpga/VGA_on_Fpga.srcs/sources_1/new/clock_div.vhd:34' bound to instance 'I5' of component 'clock_div' [C:/Users/trian/Desktop/Practica/VGA_on_Fpga/VGA_on_Fpga.srcs/sources_1/new/vga_on_fpga.vhd:158]
INFO: [Synth 8-638] synthesizing module 'clock_div' [C:/Users/trian/Desktop/Practica/VGA_on_Fpga/VGA_on_Fpga.srcs/sources_1/new/clock_div.vhd:41]
INFO: [Synth 8-3491] module 'bisD' declared at 'C:/Users/trian/Desktop/Practica/VGA_on_Fpga/VGA_on_Fpga.srcs/sources_1/new/bisD.vhd:4' bound to instance 'A1' of component 'bisD' [C:/Users/trian/Desktop/Practica/VGA_on_Fpga/VGA_on_Fpga.srcs/sources_1/new/clock_div.vhd:55]
INFO: [Synth 8-638] synthesizing module 'bisD' [C:/Users/trian/Desktop/Practica/VGA_on_Fpga/VGA_on_Fpga.srcs/sources_1/new/bisD.vhd:12]
INFO: [Synth 8-256] done synthesizing module 'bisD' (8#1) [C:/Users/trian/Desktop/Practica/VGA_on_Fpga/VGA_on_Fpga.srcs/sources_1/new/bisD.vhd:12]
INFO: [Synth 8-3491] module 'bisD' declared at 'C:/Users/trian/Desktop/Practica/VGA_on_Fpga/VGA_on_Fpga.srcs/sources_1/new/bisD.vhd:4' bound to instance 'A2' of component 'bisD' [C:/Users/trian/Desktop/Practica/VGA_on_Fpga/VGA_on_Fpga.srcs/sources_1/new/clock_div.vhd:57]
INFO: [Synth 8-256] done synthesizing module 'clock_div' (9#1) [C:/Users/trian/Desktop/Practica/VGA_on_Fpga/VGA_on_Fpga.srcs/sources_1/new/clock_div.vhd:41]
WARNING: [Synth 8-115] binding instance 'I3' in module 'vga_on_fpga' to reference 'BRAM2' which has no pins
WARNING: [Synth 8-3848] Net doutb in module/entity vga_on_fpga does not have driver. [C:/Users/trian/Desktop/Practica/VGA_on_Fpga/VGA_on_Fpga.srcs/sources_1/new/vga_on_fpga.vhd:90]
INFO: [Synth 8-256] done synthesizing module 'vga_on_fpga' (10#1) [C:/Users/trian/Desktop/Practica/VGA_on_Fpga/VGA_on_Fpga.srcs/sources_1/new/vga_on_fpga.vhd:59]
---------------------------------------------------------------------------------
Finished RTL Elaboration : Time (s): cpu = 00:02:06 ; elapsed = 00:02:39 . Memory (MB): peak = 1651.391 ; gain = 1441.805
---------------------------------------------------------------------------------

Report Check Netlist: 
+------+------------------+-------+---------+-------+------------------+
|      |Item              |Errors |Warnings |Status |Description       |
+------+------------------+-------+---------+-------+------------------+
|1     |multi_driven_nets |      0|        0|Passed |Multi driven nets |
+------+------------------+-------+---------+-------+------------------+
WARNING: [Synth 8-3295] tying undriven pin I1:frame_pixel[11] to constant 0 [C:/Users/trian/Desktop/Practica/VGA_on_Fpga/VGA_on_Fpga.srcs/sources_1/new/vga_on_fpga.vhd:144]
WARNING: [Synth 8-3295] tying undriven pin I1:frame_pixel[10] to constant 0 [C:/Users/trian/Desktop/Practica/VGA_on_Fpga/VGA_on_Fpga.srcs/sources_1/new/vga_on_fpga.vhd:144]
WARNING: [Synth 8-3295] tying undriven pin I1:frame_pixel[9] to constant 0 [C:/Users/trian/Desktop/Practica/VGA_on_Fpga/VGA_on_Fpga.srcs/sources_1/new/vga_on_fpga.vhd:144]
WARNING: [Synth 8-3295] tying undriven pin I1:frame_pixel[8] to constant 0 [C:/Users/trian/Desktop/Practica/VGA_on_Fpga/VGA_on_Fpga.srcs/sources_1/new/vga_on_fpga.vhd:144]
WARNING: [Synth 8-3295] tying undriven pin I1:frame_pixel[7] to constant 0 [C:/Users/trian/Desktop/Practica/VGA_on_Fpga/VGA_on_Fpga.srcs/sources_1/new/vga_on_fpga.vhd:144]
WARNING: [Synth 8-3295] tying undriven pin I1:frame_pixel[6] to constant 0 [C:/Users/trian/Desktop/Practica/VGA_on_Fpga/VGA_on_Fpga.srcs/sources_1/new/vga_on_fpga.vhd:144]
WARNING: [Synth 8-3295] tying undriven pin I1:frame_pixel[5] to constant 0 [C:/Users/trian/Desktop/Practica/VGA_on_Fpga/VGA_on_Fpga.srcs/sources_1/new/vga_on_fpga.vhd:144]
WARNING: [Synth 8-3295] tying undriven pin I1:frame_pixel[4] to constant 0 [C:/Users/trian/Desktop/Practica/VGA_on_Fpga/VGA_on_Fpga.srcs/sources_1/new/vga_on_fpga.vhd:144]
WARNING: [Synth 8-3295] tying undriven pin I1:frame_pixel[3] to constant 0 [C:/Users/trian/Desktop/Practica/VGA_on_Fpga/VGA_on_Fpga.srcs/sources_1/new/vga_on_fpga.vhd:144]
WARNING: [Synth 8-3295] tying undriven pin I1:frame_pixel[2] to constant 0 [C:/Users/trian/Desktop/Practica/VGA_on_Fpga/VGA_on_Fpga.srcs/sources_1/new/vga_on_fpga.vhd:144]
WARNING: [Synth 8-3295] tying undriven pin I1:frame_pixel[1] to constant 0 [C:/Users/trian/Desktop/Practica/VGA_on_Fpga/VGA_on_Fpga.srcs/sources_1/new/vga_on_fpga.vhd:144]
WARNING: [Synth 8-3295] tying undriven pin I1:frame_pixel[0] to constant 0 [C:/Users/trian/Desktop/Practica/VGA_on_Fpga/VGA_on_Fpga.srcs/sources_1/new/vga_on_fpga.vhd:144]
---------------------------------------------------------------------------------
Finished RTL Optimization Phase 1 : Time (s): cpu = 00:02:06 ; elapsed = 00:02:39 . Memory (MB): peak = 1651.391 ; gain = 1441.805
---------------------------------------------------------------------------------
INFO: [Project 1-454] Reading design checkpoint 'c:/Users/trian/Desktop/Practica/VGA_on_Fpga/VGA_on_Fpga.srcs/sources_1/bd/BRAM2/ip/BRAM2_blk_mem_gen_0_0/BRAM2_blk_mem_gen_0_0.dcp' for cell 'I3/blk_mem_gen_0'
INFO: [Project 1-479] Netlist was created with Vivado 2016.4
INFO: [Project 1-570] Preparing netlist for logic optimization
INFO: [Opt 31-141] Inserted 2 OBUFs to IO ports without IO buffers.

Processing XDC Constraints
Initializing timing engine
Parsing XDC File [C:/Users/trian/Desktop/Practica/VGA_on_Fpga/VGA_on_Fpga.srcs/constrs_1/imports/lab2/Basys3_test_env.xdc]
WARNING: [Vivado 12-584] No ports matched 'clk'. [C:/Users/trian/Desktop/Practica/VGA_on_Fpga/VGA_on_Fpga.srcs/constrs_1/imports/lab2/Basys3_test_env.xdc:7]
WARNING: [Vivado 12-584] No ports matched 'clk'. [C:/Users/trian/Desktop/Practica/VGA_on_Fpga/VGA_on_Fpga.srcs/constrs_1/imports/lab2/Basys3_test_env.xdc:8]
WARNING: [Vivado 12-584] No ports matched 'sw[0]'. [C:/Users/trian/Desktop/Practica/VGA_on_Fpga/VGA_on_Fpga.srcs/constrs_1/imports/lab2/Basys3_test_env.xdc:12]
WARNING: [Vivado 12-584] No ports matched 'sw[0]'. [C:/Users/trian/Desktop/Practica/VGA_on_Fpga/VGA_on_Fpga.srcs/constrs_1/imports/lab2/Basys3_test_env.xdc:13]
WARNING: [Vivado 12-584] No ports matched 'sw[1]'. [C:/Users/trian/Desktop/Practica/VGA_on_Fpga/VGA_on_Fpga.srcs/constrs_1/imports/lab2/Basys3_test_env.xdc:14]
WARNING: [Vivado 12-584] No ports matched 'sw[1]'. [C:/Users/trian/Desktop/Practica/VGA_on_Fpga/VGA_on_Fpga.srcs/constrs_1/imports/lab2/Basys3_test_env.xdc:15]
WARNING: [Vivado 12-584] No ports matched 'sw[2]'. [C:/Users/trian/Desktop/Practica/VGA_on_Fpga/VGA_on_Fpga.srcs/constrs_1/imports/lab2/Basys3_test_env.xdc:16]
WARNING: [Vivado 12-584] No ports matched 'sw[2]'. [C:/Users/trian/Desktop/Practica/VGA_on_Fpga/VGA_on_Fpga.srcs/constrs_1/imports/lab2/Basys3_test_env.xdc:17]
WARNING: [Vivado 12-584] No ports matched 'sw[3]'. [C:/Users/trian/Desktop/Practica/VGA_on_Fpga/VGA_on_Fpga.srcs/constrs_1/imports/lab2/Basys3_test_env.xdc:18]
WARNING: [Vivado 12-584] No ports matched 'sw[3]'. [C:/Users/trian/Desktop/Practica/VGA_on_Fpga/VGA_on_Fpga.srcs/constrs_1/imports/lab2/Basys3_test_env.xdc:19]
WARNING: [Vivado 12-584] No ports matched 'sw[4]'. [C:/Users/trian/Desktop/Practica/VGA_on_Fpga/VGA_on_Fpga.srcs/constrs_1/imports/lab2/Basys3_test_env.xdc:20]
WARNING: [Vivado 12-584] No ports matched 'sw[4]'. [C:/Users/trian/Desktop/Practica/VGA_on_Fpga/VGA_on_Fpga.srcs/constrs_1/imports/lab2/Basys3_test_env.xdc:21]
WARNING: [Vivado 12-584] No ports matched 'sw[5]'. [C:/Users/trian/Desktop/Practica/VGA_on_Fpga/VGA_on_Fpga.srcs/constrs_1/imports/lab2/Basys3_test_env.xdc:22]
WARNING: [Vivado 12-584] No ports matched 'sw[5]'. [C:/Users/trian/Desktop/Practica/VGA_on_Fpga/VGA_on_Fpga.srcs/constrs_1/imports/lab2/Basys3_test_env.xdc:23]
WARNING: [Vivado 12-584] No ports matched 'sw[6]'. [C:/Users/trian/Desktop/Practica/VGA_on_Fpga/VGA_on_Fpga.srcs/constrs_1/imports/lab2/Basys3_test_env.xdc:24]
WARNING: [Vivado 12-584] No ports matched 'sw[6]'. [C:/Users/trian/Desktop/Practica/VGA_on_Fpga/VGA_on_Fpga.srcs/constrs_1/imports/lab2/Basys3_test_env.xdc:25]
WARNING: [Vivado 12-584] No ports matched 'sw[7]'. [C:/Users/trian/Desktop/Practica/VGA_on_Fpga/VGA_on_Fpga.srcs/constrs_1/imports/lab2/Basys3_test_env.xdc:26]
WARNING: [Vivado 12-584] No ports matched 'sw[7]'. [C:/Users/trian/Desktop/Practica/VGA_on_Fpga/VGA_on_Fpga.srcs/constrs_1/imports/lab2/Basys3_test_env.xdc:27]
WARNING: [Vivado 12-584] No ports matched 'sw[8]'. [C:/Users/trian/Desktop/Practica/VGA_on_Fpga/VGA_on_Fpga.srcs/constrs_1/imports/lab2/Basys3_test_env.xdc:28]
WARNING: [Vivado 12-584] No ports matched 'sw[8]'. [C:/Users/trian/Desktop/Practica/VGA_on_Fpga/VGA_on_Fpga.srcs/constrs_1/imports/lab2/Basys3_test_env.xdc:29]
WARNING: [Vivado 12-584] No ports matched 'sw[9]'. [C:/Users/trian/Desktop/Practica/VGA_on_Fpga/VGA_on_Fpga.srcs/constrs_1/imports/lab2/Basys3_test_env.xdc:30]
WARNING: [Vivado 12-584] No ports matched 'sw[9]'. [C:/Users/trian/Desktop/Practica/VGA_on_Fpga/VGA_on_Fpga.srcs/constrs_1/imports/lab2/Basys3_test_env.xdc:31]
WARNING: [Vivado 12-584] No ports matched 'sw[10]'. [C:/Users/trian/Desktop/Practica/VGA_on_Fpga/VGA_on_Fpga.srcs/constrs_1/imports/lab2/Basys3_test_env.xdc:32]
WARNING: [Vivado 12-584] No ports matched 'sw[10]'. [C:/Users/trian/Desktop/Practica/VGA_on_Fpga/VGA_on_Fpga.srcs/constrs_1/imports/lab2/Basys3_test_env.xdc:33]
WARNING: [Vivado 12-584] No ports matched 'sw[11]'. [C:/Users/trian/Desktop/Practica/VGA_on_Fpga/VGA_on_Fpga.srcs/constrs_1/imports/lab2/Basys3_test_env.xdc:34]
WARNING: [Vivado 12-584] No ports matched 'sw[11]'. [C:/Users/trian/Desktop/Practica/VGA_on_Fpga/VGA_on_Fpga.srcs/constrs_1/imports/lab2/Basys3_test_env.xdc:35]
WARNING: [Vivado 12-584] No ports matched 'sw[12]'. [C:/Users/trian/Desktop/Practica/VGA_on_Fpga/VGA_on_Fpga.srcs/constrs_1/imports/lab2/Basys3_test_env.xdc:36]
WARNING: [Vivado 12-584] No ports matched 'sw[12]'. [C:/Users/trian/Desktop/Practica/VGA_on_Fpga/VGA_on_Fpga.srcs/constrs_1/imports/lab2/Basys3_test_env.xdc:37]
WARNING: [Vivado 12-584] No ports matched 'sw[13]'. [C:/Users/trian/Desktop/Practica/VGA_on_Fpga/VGA_on_Fpga.srcs/constrs_1/imports/lab2/Basys3_test_env.xdc:38]
WARNING: [Vivado 12-584] No ports matched 'sw[13]'. [C:/Users/trian/Desktop/Practica/VGA_on_Fpga/VGA_on_Fpga.srcs/constrs_1/imports/lab2/Basys3_test_env.xdc:39]
WARNING: [Vivado 12-584] No ports matched 'sw[14]'. [C:/Users/trian/Desktop/Practica/VGA_on_Fpga/VGA_on_Fpga.srcs/constrs_1/imports/lab2/Basys3_test_env.xdc:40]
WARNING: [Vivado 12-584] No ports matched 'sw[14]'. [C:/Users/trian/Desktop/Practica/VGA_on_Fpga/VGA_on_Fpga.srcs/constrs_1/imports/lab2/Basys3_test_env.xdc:41]
WARNING: [Vivado 12-584] No ports matched 'sw[15]'. [C:/Users/trian/Desktop/Practica/VGA_on_Fpga/VGA_on_Fpga.srcs/constrs_1/imports/lab2/Basys3_test_env.xdc:42]
WARNING: [Vivado 12-584] No ports matched 'sw[15]'. [C:/Users/trian/Desktop/Practica/VGA_on_Fpga/VGA_on_Fpga.srcs/constrs_1/imports/lab2/Basys3_test_env.xdc:43]
WARNING: [Vivado 12-584] No ports matched 'led[0]'. [C:/Users/trian/Desktop/Practica/VGA_on_Fpga/VGA_on_Fpga.srcs/constrs_1/imports/lab2/Basys3_test_env.xdc:47]
WARNING: [Vivado 12-584] No ports matched 'led[0]'. [C:/Users/trian/Desktop/Practica/VGA_on_Fpga/VGA_on_Fpga.srcs/constrs_1/imports/lab2/Basys3_test_env.xdc:48]
WARNING: [Vivado 12-584] No ports matched 'led[1]'. [C:/Users/trian/Desktop/Practica/VGA_on_Fpga/VGA_on_Fpga.srcs/constrs_1/imports/lab2/Basys3_test_env.xdc:49]
WARNING: [Vivado 12-584] No ports matched 'led[1]'. [C:/Users/trian/Desktop/Practica/VGA_on_Fpga/VGA_on_Fpga.srcs/constrs_1/imports/lab2/Basys3_test_env.xdc:50]
WARNING: [Vivado 12-584] No ports matched 'led[2]'. [C:/Users/trian/Desktop/Practica/VGA_on_Fpga/VGA_on_Fpga.srcs/constrs_1/imports/lab2/Basys3_test_env.xdc:51]
WARNING: [Vivado 12-584] No ports matched 'led[2]'. [C:/Users/trian/Desktop/Practica/VGA_on_Fpga/VGA_on_Fpga.srcs/constrs_1/imports/lab2/Basys3_test_env.xdc:52]
WARNING: [Vivado 12-584] No ports matched 'led[3]'. [C:/Users/trian/Desktop/Practica/VGA_on_Fpga/VGA_on_Fpga.srcs/constrs_1/imports/lab2/Basys3_test_env.xdc:53]
WARNING: [Vivado 12-584] No ports matched 'led[3]'. [C:/Users/trian/Desktop/Practica/VGA_on_Fpga/VGA_on_Fpga.srcs/constrs_1/imports/lab2/Basys3_test_env.xdc:54]
WARNING: [Vivado 12-584] No ports matched 'led[4]'. [C:/Users/trian/Desktop/Practica/VGA_on_Fpga/VGA_on_Fpga.srcs/constrs_1/imports/lab2/Basys3_test_env.xdc:55]
WARNING: [Vivado 12-584] No ports matched 'led[4]'. [C:/Users/trian/Desktop/Practica/VGA_on_Fpga/VGA_on_Fpga.srcs/constrs_1/imports/lab2/Basys3_test_env.xdc:56]
WARNING: [Vivado 12-584] No ports matched 'led[5]'. [C:/Users/trian/Desktop/Practica/VGA_on_Fpga/VGA_on_Fpga.srcs/constrs_1/imports/lab2/Basys3_test_env.xdc:57]
WARNING: [Vivado 12-584] No ports matched 'led[5]'. [C:/Users/trian/Desktop/Practica/VGA_on_Fpga/VGA_on_Fpga.srcs/constrs_1/imports/lab2/Basys3_test_env.xdc:58]
WARNING: [Vivado 12-584] No ports matched 'led[6]'. [C:/Users/trian/Desktop/Practica/VGA_on_Fpga/VGA_on_Fpga.srcs/constrs_1/imports/lab2/Basys3_test_env.xdc:59]
WARNING: [Vivado 12-584] No ports matched 'led[6]'. [C:/Users/trian/Desktop/Practica/VGA_on_Fpga/VGA_on_Fpga.srcs/constrs_1/imports/lab2/Basys3_test_env.xdc:60]
WARNING: [Vivado 12-584] No ports matched 'led[7]'. [C:/Users/trian/Desktop/Practica/VGA_on_Fpga/VGA_on_Fpga.srcs/constrs_1/imports/lab2/Basys3_test_env.xdc:61]
WARNING: [Vivado 12-584] No ports matched 'led[7]'. [C:/Users/trian/Desktop/Practica/VGA_on_Fpga/VGA_on_Fpga.srcs/constrs_1/imports/lab2/Basys3_test_env.xdc:62]
WARNING: [Vivado 12-584] No ports matched 'led[8]'. [C:/Users/trian/Desktop/Practica/VGA_on_Fpga/VGA_on_Fpga.srcs/constrs_1/imports/lab2/Basys3_test_env.xdc:63]
WARNING: [Vivado 12-584] No ports matched 'led[8]'. [C:/Users/trian/Desktop/Practica/VGA_on_Fpga/VGA_on_Fpga.srcs/constrs_1/imports/lab2/Basys3_test_env.xdc:64]
WARNING: [Vivado 12-584] No ports matched 'led[9]'. [C:/Users/trian/Desktop/Practica/VGA_on_Fpga/VGA_on_Fpga.srcs/constrs_1/imports/lab2/Basys3_test_env.xdc:65]
WARNING: [Vivado 12-584] No ports matched 'led[9]'. [C:/Users/trian/Desktop/Practica/VGA_on_Fpga/VGA_on_Fpga.srcs/constrs_1/imports/lab2/Basys3_test_env.xdc:66]
WARNING: [Vivado 12-584] No ports matched 'led[10]'. [C:/Users/trian/Desktop/Practica/VGA_on_Fpga/VGA_on_Fpga.srcs/constrs_1/imports/lab2/Basys3_test_env.xdc:67]
WARNING: [Vivado 12-584] No ports matched 'led[10]'. [C:/Users/trian/Desktop/Practica/VGA_on_Fpga/VGA_on_Fpga.srcs/constrs_1/imports/lab2/Basys3_test_env.xdc:68]
WARNING: [Vivado 12-584] No ports matched 'led[11]'. [C:/Users/trian/Desktop/Practica/VGA_on_Fpga/VGA_on_Fpga.srcs/constrs_1/imports/lab2/Basys3_test_env.xdc:69]
WARNING: [Vivado 12-584] No ports matched 'led[11]'. [C:/Users/trian/Desktop/Practica/VGA_on_Fpga/VGA_on_Fpga.srcs/constrs_1/imports/lab2/Basys3_test_env.xdc:70]
WARNING: [Vivado 12-584] No ports matched 'led[12]'. [C:/Users/trian/Desktop/Practica/VGA_on_Fpga/VGA_on_Fpga.srcs/constrs_1/imports/lab2/Basys3_test_env.xdc:71]
WARNING: [Vivado 12-584] No ports matched 'led[12]'. [C:/Users/trian/Desktop/Practica/VGA_on_Fpga/VGA_on_Fpga.srcs/constrs_1/imports/lab2/Basys3_test_env.xdc:72]
WARNING: [Vivado 12-584] No ports matched 'led[13]'. [C:/Users/trian/Desktop/Practica/VGA_on_Fpga/VGA_on_Fpga.srcs/constrs_1/imports/lab2/Basys3_test_env.xdc:73]
WARNING: [Vivado 12-584] No ports matched 'led[13]'. [C:/Users/trian/Desktop/Practica/VGA_on_Fpga/VGA_on_Fpga.srcs/constrs_1/imports/lab2/Basys3_test_env.xdc:74]
WARNING: [Vivado 12-584] No ports matched 'led[14]'. [C:/Users/trian/Desktop/Practica/VGA_on_Fpga/VGA_on_Fpga.srcs/constrs_1/imports/lab2/Basys3_test_env.xdc:75]
WARNING: [Vivado 12-584] No ports matched 'led[14]'. [C:/Users/trian/Desktop/Practica/VGA_on_Fpga/VGA_on_Fpga.srcs/constrs_1/imports/lab2/Basys3_test_env.xdc:76]
WARNING: [Vivado 12-584] No ports matched 'led[15]'. [C:/Users/trian/Desktop/Practica/VGA_on_Fpga/VGA_on_Fpga.srcs/constrs_1/imports/lab2/Basys3_test_env.xdc:77]
WARNING: [Vivado 12-584] No ports matched 'led[15]'. [C:/Users/trian/Desktop/Practica/VGA_on_Fpga/VGA_on_Fpga.srcs/constrs_1/imports/lab2/Basys3_test_env.xdc:78]
WARNING: [Vivado 12-584] No ports matched 'cat[0]'. [C:/Users/trian/Desktop/Practica/VGA_on_Fpga/VGA_on_Fpga.srcs/constrs_1/imports/lab2/Basys3_test_env.xdc:82]
WARNING: [Vivado 12-584] No ports matched 'cat[0]'. [C:/Users/trian/Desktop/Practica/VGA_on_Fpga/VGA_on_Fpga.srcs/constrs_1/imports/lab2/Basys3_test_env.xdc:83]
WARNING: [Vivado 12-584] No ports matched 'cat[1]'. [C:/Users/trian/Desktop/Practica/VGA_on_Fpga/VGA_on_Fpga.srcs/constrs_1/imports/lab2/Basys3_test_env.xdc:84]
WARNING: [Vivado 12-584] No ports matched 'cat[1]'. [C:/Users/trian/Desktop/Practica/VGA_on_Fpga/VGA_on_Fpga.srcs/constrs_1/imports/lab2/Basys3_test_env.xdc:85]
WARNING: [Vivado 12-584] No ports matched 'cat[2]'. [C:/Users/trian/Desktop/Practica/VGA_on_Fpga/VGA_on_Fpga.srcs/constrs_1/imports/lab2/Basys3_test_env.xdc:86]
WARNING: [Vivado 12-584] No ports matched 'cat[2]'. [C:/Users/trian/Desktop/Practica/VGA_on_Fpga/VGA_on_Fpga.srcs/constrs_1/imports/lab2/Basys3_test_env.xdc:87]
WARNING: [Vivado 12-584] No ports matched 'cat[3]'. [C:/Users/trian/Desktop/Practica/VGA_on_Fpga/VGA_on_Fpga.srcs/constrs_1/imports/lab2/Basys3_test_env.xdc:88]
WARNING: [Vivado 12-584] No ports matched 'cat[3]'. [C:/Users/trian/Desktop/Practica/VGA_on_Fpga/VGA_on_Fpga.srcs/constrs_1/imports/lab2/Basys3_test_env.xdc:89]
WARNING: [Vivado 12-584] No ports matched 'cat[4]'. [C:/Users/trian/Desktop/Practica/VGA_on_Fpga/VGA_on_Fpga.srcs/constrs_1/imports/lab2/Basys3_test_env.xdc:90]
WARNING: [Vivado 12-584] No ports matched 'cat[4]'. [C:/Users/trian/Desktop/Practica/VGA_on_Fpga/VGA_on_Fpga.srcs/constrs_1/imports/lab2/Basys3_test_env.xdc:91]
WARNING: [Vivado 12-584] No ports matched 'cat[5]'. [C:/Users/trian/Desktop/Practica/VGA_on_Fpga/VGA_on_Fpga.srcs/constrs_1/imports/lab2/Basys3_test_env.xdc:92]
WARNING: [Vivado 12-584] No ports matched 'cat[5]'. [C:/Users/trian/Desktop/Practica/VGA_on_Fpga/VGA_on_Fpga.srcs/constrs_1/imports/lab2/Basys3_test_env.xdc:93]
WARNING: [Vivado 12-584] No ports matched 'cat[6]'. [C:/Users/trian/Desktop/Practica/VGA_on_Fpga/VGA_on_Fpga.srcs/constrs_1/imports/lab2/Basys3_test_env.xdc:94]
WARNING: [Vivado 12-584] No ports matched 'cat[6]'. [C:/Users/trian/Desktop/Practica/VGA_on_Fpga/VGA_on_Fpga.srcs/constrs_1/imports/lab2/Basys3_test_env.xdc:95]
WARNING: [Vivado 12-584] No ports matched 'an[0]'. [C:/Users/trian/Desktop/Practica/VGA_on_Fpga/VGA_on_Fpga.srcs/constrs_1/imports/lab2/Basys3_test_env.xdc:99]
WARNING: [Vivado 12-584] No ports matched 'an[0]'. [C:/Users/trian/Desktop/Practica/VGA_on_Fpga/VGA_on_Fpga.srcs/constrs_1/imports/lab2/Basys3_test_env.xdc:100]
WARNING: [Vivado 12-584] No ports matched 'an[1]'. [C:/Users/trian/Desktop/Practica/VGA_on_Fpga/VGA_on_Fpga.srcs/constrs_1/imports/lab2/Basys3_test_env.xdc:101]
WARNING: [Vivado 12-584] No ports matched 'an[1]'. [C:/Users/trian/Desktop/Practica/VGA_on_Fpga/VGA_on_Fpga.srcs/constrs_1/imports/lab2/Basys3_test_env.xdc:102]
WARNING: [Vivado 12-584] No ports matched 'an[2]'. [C:/Users/trian/Desktop/Practica/VGA_on_Fpga/VGA_on_Fpga.srcs/constrs_1/imports/lab2/Basys3_test_env.xdc:103]
WARNING: [Vivado 12-584] No ports matched 'an[2]'. [C:/Users/trian/Desktop/Practica/VGA_on_Fpga/VGA_on_Fpga.srcs/constrs_1/imports/lab2/Basys3_test_env.xdc:104]
WARNING: [Vivado 12-584] No ports matched 'an[3]'. [C:/Users/trian/Desktop/Practica/VGA_on_Fpga/VGA_on_Fpga.srcs/constrs_1/imports/lab2/Basys3_test_env.xdc:105]
WARNING: [Vivado 12-584] No ports matched 'an[3]'. [C:/Users/trian/Desktop/Practica/VGA_on_Fpga/VGA_on_Fpga.srcs/constrs_1/imports/lab2/Basys3_test_env.xdc:106]
WARNING: [Vivado 12-584] No ports matched 'btn[0]'. [C:/Users/trian/Desktop/Practica/VGA_on_Fpga/VGA_on_Fpga.srcs/constrs_1/imports/lab2/Basys3_test_env.xdc:110]
WARNING: [Vivado 12-584] No ports matched 'btn[0]'. [C:/Users/trian/Desktop/Practica/VGA_on_Fpga/VGA_on_Fpga.srcs/constrs_1/imports/lab2/Basys3_test_env.xdc:111]
WARNING: [Vivado 12-584] No ports matched 'btn[1]'. [C:/Users/trian/Desktop/Practica/VGA_on_Fpga/VGA_on_Fpga.srcs/constrs_1/imports/lab2/Basys3_test_env.xdc:112]
WARNING: [Vivado 12-584] No ports matched 'btn[1]'. [C:/Users/trian/Desktop/Practica/VGA_on_Fpga/VGA_on_Fpga.srcs/constrs_1/imports/lab2/Basys3_test_env.xdc:113]
WARNING: [Vivado 12-584] No ports matched 'btn[2]'. [C:/Users/trian/Desktop/Practica/VGA_on_Fpga/VGA_on_Fpga.srcs/constrs_1/imports/lab2/Basys3_test_env.xdc:114]
WARNING: [Vivado 12-584] No ports matched 'btn[2]'. [C:/Users/trian/Desktop/Practica/VGA_on_Fpga/VGA_on_Fpga.srcs/constrs_1/imports/lab2/Basys3_test_env.xdc:115]
WARNING: [Vivado 12-584] No ports matched 'btn[3]'. [C:/Users/trian/Desktop/Practica/VGA_on_Fpga/VGA_on_Fpga.srcs/constrs_1/imports/lab2/Basys3_test_env.xdc:116]
WARNING: [Vivado 12-584] No ports matched 'btn[3]'. [C:/Users/trian/Desktop/Practica/VGA_on_Fpga/VGA_on_Fpga.srcs/constrs_1/imports/lab2/Basys3_test_env.xdc:117]
WARNING: [Vivado 12-584] No ports matched 'btn[4]'. [C:/Users/trian/Desktop/Practica/VGA_on_Fpga/VGA_on_Fpga.srcs/constrs_1/imports/lab2/Basys3_test_env.xdc:118]
WARNING: [Vivado 12-584] No ports matched 'btn[4]'. [C:/Users/trian/Desktop/Practica/VGA_on_Fpga/VGA_on_Fpga.srcs/constrs_1/imports/lab2/Basys3_test_env.xdc:119]
Finished Parsing XDC File [C:/Users/trian/Desktop/Practica/VGA_on_Fpga/VGA_on_Fpga.srcs/constrs_1/imports/lab2/Basys3_test_env.xdc]
WARNING: [Project 1-498] One or more constraints failed evaluation while reading constraint file [C:/Users/trian/Desktop/Practica/VGA_on_Fpga/VGA_on_Fpga.srcs/constrs_1/imports/lab2/Basys3_test_env.xdc] and the design contains unresolved black boxes. These constraints will be read post-synthesis (as long as their source constraint file is marked as used_in_implementation) and should be applied correctly then. You should review the constraints listed in the file [.Xil/vga_on_fpga_propImpl.xdc] and check the run log file to verify that these constraints were correctly applied.
Completed Processing XDC Constraints

INFO: [Opt 31-138] Pushed 0 inverter(s) to 0 load pin(s).
INFO: [Project 1-111] Unisim Transformation Summary:
No Unisim elements were transformed.

RTL Elaboration Complete:  : Time (s): cpu = 00:02:15 ; elapsed = 00:02:44 . Memory (MB): peak = 1781.668 ; gain = 1572.082
38 Infos, 113 Warnings, 0 Critical Warnings and 0 Errors encountered.
synth_design completed successfully
synth_design: Time (s): cpu = 00:00:16 ; elapsed = 00:00:13 . Memory (MB): peak = 1781.668 ; gain = 331.715
exit
INFO: [Common 17-206] Exiting Vivado at Sun Aug 30 17:04:00 2020...
