Vivado Simulator 2016.4
Copyright 1986-1999, 2001-2016 Xilinx, Inc. All Rights Reserved.
Running: D:/Vivado/2016.4/bin/unwrapped/win64.o/xelab.exe -wto 116aa2fd4b8f46068a5817415c76db55 --debug typical --relax --mt 2 -L xil_defaultlib -L secureip --snapshot ALU_TB_behav xil_defaultlib.ALU_TB -log elaborate.log 
Using 2 slave threads.
Starting static elaboration
Completed static elaboration
Starting simulation data flow analysis
Completed simulation data flow analysis
Time Resolution for simulation is 1ps
Compiling package std.standard
Compiling package std.textio
Compiling package ieee.std_logic_1164
Compiling package ieee.std_logic_arith
Compiling package ieee.std_logic_unsigned
Compiling package ieee.numeric_std
Compiling architecture behavior of entity xil_defaultlib.square_root [square_root_default]
Compiling architecture behavioral of entity xil_defaultlib.impartire [impartire_default]
Compiling architecture behavioral of entity xil_defaultlib.sume [sume_default]
Compiling architecture behavioral of entity xil_defaultlib.inmultire [inmultire_default]
Compiling architecture a1 of entity xil_defaultlib.ALU1 [alu1_default]
Compiling architecture behavioral of entity xil_defaultlib.alu_tb
Built simulation snapshot ALU_TB_behav
