#-----------------------------------------------------------
# Vivado v2016.4 (64-bit)
# SW Build 1756540 on Mon Jan 23 19:11:23 MST 2017
# IP Build 1755317 on Mon Jan 23 20:30:07 MST 2017
# Start of session at: Thu Dec 19 23:29:15 2019
# Process ID: 3496
# Current directory: C:/Users/Fonea/Desktop/PROIECT SSC/ALU
# Command line: vivado.exe -gui_launcher_event rodinguilauncherevent6716 C:\Users\Fonea\Desktop\PROIECT SSC\ALU\ALU.xpr
# Log file: C:/Users/Fonea/Desktop/PROIECT SSC/ALU/vivado.log
# Journal file: C:/Users/Fonea/Desktop/PROIECT SSC/ALU\vivado.jou
#-----------------------------------------------------------
start_gui
open_project {C:/Users/Fonea/Desktop/PROIECT SSC/ALU/ALU.xpr}
Scanning sources...
Finished scanning sources
INFO: [IP_Flow 19-234] Refreshing IP repositories
INFO: [IP_Flow 19-1704] No user IP repositories specified
INFO: [IP_Flow 19-2313] Loaded Vivado IP repository 'D:/Vivado/2016.4/data/ip'.
reset_run synth_2
launch_runs synth_2 -jobs 4
INFO: [HDL 9-1061] Parsing VHDL file "C:/Users/Fonea/Desktop/PROIECT SSC/ALU/ALU.srcs/sources_1/new/Sqrt.vhd" into library xil_defaultlib [C:/Users/Fonea/Desktop/PROIECT SSC/ALU/ALU.srcs/sources_1/new/Sqrt.vhd:1]
[Thu Dec 19 23:35:24 2019] Launched synth_2...
Run output will be captured here: C:/Users/Fonea/Desktop/PROIECT SSC/ALU/ALU.runs/synth_2/runme.log
synth_design -rtl -name rtl_1
Command: synth_design -rtl -name rtl_1
Starting synth_design
Using part: xc7a100tcsg324-1
Top: main
---------------------------------------------------------------------------------
Starting RTL Elaboration : Time (s): cpu = 00:01:21 ; elapsed = 00:09:20 . Memory (MB): peak = 867.969 ; gain = 655.832
---------------------------------------------------------------------------------
INFO: [Synth 8-638] synthesizing module 'main' [C:/Users/Fonea/Desktop/PROIECT SSC/ALU/ALU.srcs/sources_1/new/main.vhd:47]
INFO: [Synth 8-638] synthesizing module 'db' [C:/Users/Fonea/Desktop/PROIECT SSC/ALU/ALU.srcs/sources_1/imports/new/db.vhd:41]
INFO: [Synth 8-256] done synthesizing module 'db' (1#1) [C:/Users/Fonea/Desktop/PROIECT SSC/ALU/ALU.srcs/sources_1/imports/new/db.vhd:41]
INFO: [Synth 8-638] synthesizing module 'displ7seg' [C:/Users/Fonea/Desktop/PROIECT SSC/ALU/ALU.srcs/sources_1/imports/new/displ7seg.vhd:36]
INFO: [Synth 8-256] done synthesizing module 'displ7seg' (2#1) [C:/Users/Fonea/Desktop/PROIECT SSC/ALU/ALU.srcs/sources_1/imports/new/displ7seg.vhd:36]
INFO: [Synth 8-638] synthesizing module 'ALU1' [C:/Users/Fonea/Desktop/PROIECT SSC/ALU/ALU.srcs/sources_1/new/ALU1.vhd:50]
INFO: [Synth 8-638] synthesizing module 'square_root' [C:/Users/Fonea/Desktop/PROIECT SSC/ALU/ALU.srcs/sources_1/new/Sqrt.vhd:19]
INFO: [Synth 8-256] done synthesizing module 'square_root' (3#1) [C:/Users/Fonea/Desktop/PROIECT SSC/ALU/ALU.srcs/sources_1/new/Sqrt.vhd:19]
INFO: [Synth 8-638] synthesizing module 'impartire' [C:/Users/Fonea/Desktop/PROIECT SSC/ALU/ALU.srcs/sources_1/new/impartire.vhd:42]
INFO: [Synth 8-256] done synthesizing module 'impartire' (4#1) [C:/Users/Fonea/Desktop/PROIECT SSC/ALU/ALU.srcs/sources_1/new/impartire.vhd:42]
INFO: [Synth 8-638] synthesizing module 'inmultire' [C:/Users/Fonea/Desktop/PROIECT SSC/ALU/ALU.srcs/sources_1/new/inmultire.vhd:39]
INFO: [Synth 8-638] synthesizing module 'sume' [C:/Users/Fonea/Desktop/PROIECT SSC/ALU/ALU.srcs/sources_1/new/sume.vhd:39]
INFO: [Synth 8-256] done synthesizing module 'sume' (5#1) [C:/Users/Fonea/Desktop/PROIECT SSC/ALU/ALU.srcs/sources_1/new/sume.vhd:39]
INFO: [Synth 8-256] done synthesizing module 'inmultire' (6#1) [C:/Users/Fonea/Desktop/PROIECT SSC/ALU/ALU.srcs/sources_1/new/inmultire.vhd:39]
WARNING: [Synth 8-614] signal 'rezz' is read in the process but is not in the sensitivity list [C:/Users/Fonea/Desktop/PROIECT SSC/ALU/ALU.srcs/sources_1/new/ALU1.vhd:79]
WARNING: [Synth 8-614] signal 'rez_imp' is read in the process but is not in the sensitivity list [C:/Users/Fonea/Desktop/PROIECT SSC/ALU/ALU.srcs/sources_1/new/ALU1.vhd:79]
WARNING: [Synth 8-614] signal 'rez_imm' is read in the process but is not in the sensitivity list [C:/Users/Fonea/Desktop/PROIECT SSC/ALU/ALU.srcs/sources_1/new/ALU1.vhd:79]
WARNING: [Synth 8-614] signal 'rst_imp' is read in the process but is not in the sensitivity list [C:/Users/Fonea/Desktop/PROIECT SSC/ALU/ALU.srcs/sources_1/new/ALU1.vhd:79]
INFO: [Synth 8-256] done synthesizing module 'ALU1' (7#1) [C:/Users/Fonea/Desktop/PROIECT SSC/ALU/ALU.srcs/sources_1/new/ALU1.vhd:50]
INFO: [Synth 8-256] done synthesizing module 'main' (8#1) [C:/Users/Fonea/Desktop/PROIECT SSC/ALU/ALU.srcs/sources_1/new/main.vhd:47]
WARNING: [Synth 8-3331] design main has unconnected port LED[11]
WARNING: [Synth 8-3331] design main has unconnected port LED[6]
WARNING: [Synth 8-3331] design main has unconnected port LED[5]
---------------------------------------------------------------------------------
Finished RTL Elaboration : Time (s): cpu = 00:01:22 ; elapsed = 00:09:22 . Memory (MB): peak = 897.438 ; gain = 685.301
---------------------------------------------------------------------------------

Report Check Netlist: 
+------+------------------+-------+---------+-------+------------------+
|      |Item              |Errors |Warnings |Status |Description       |
+------+------------------+-------+---------+-------+------------------+
|1     |multi_driven_nets |      0|        0|Passed |Multi driven nets |
+------+------------------+-------+---------+-------+------------------+
WARNING: [Synth 8-3295] tying undriven pin ssd:Data[31] to constant 0 [C:/Users/Fonea/Desktop/PROIECT SSC/ALU/ALU.srcs/sources_1/new/main.vhd:76]
WARNING: [Synth 8-3295] tying undriven pin ssd:Data[30] to constant 0 [C:/Users/Fonea/Desktop/PROIECT SSC/ALU/ALU.srcs/sources_1/new/main.vhd:76]
WARNING: [Synth 8-3295] tying undriven pin ssd:Data[29] to constant 0 [C:/Users/Fonea/Desktop/PROIECT SSC/ALU/ALU.srcs/sources_1/new/main.vhd:76]
WARNING: [Synth 8-3295] tying undriven pin ssd:Data[28] to constant 0 [C:/Users/Fonea/Desktop/PROIECT SSC/ALU/ALU.srcs/sources_1/new/main.vhd:76]
WARNING: [Synth 8-3295] tying undriven pin ssd:Data[27] to constant 0 [C:/Users/Fonea/Desktop/PROIECT SSC/ALU/ALU.srcs/sources_1/new/main.vhd:76]
WARNING: [Synth 8-3295] tying undriven pin ssd:Data[26] to constant 0 [C:/Users/Fonea/Desktop/PROIECT SSC/ALU/ALU.srcs/sources_1/new/main.vhd:76]
WARNING: [Synth 8-3295] tying undriven pin ssd:Data[25] to constant 0 [C:/Users/Fonea/Desktop/PROIECT SSC/ALU/ALU.srcs/sources_1/new/main.vhd:76]
WARNING: [Synth 8-3295] tying undriven pin ssd:Data[24] to constant 0 [C:/Users/Fonea/Desktop/PROIECT SSC/ALU/ALU.srcs/sources_1/new/main.vhd:76]
WARNING: [Synth 8-3295] tying undriven pin ssd:Data[23] to constant 0 [C:/Users/Fonea/Desktop/PROIECT SSC/ALU/ALU.srcs/sources_1/new/main.vhd:76]
WARNING: [Synth 8-3295] tying undriven pin ssd:Data[22] to constant 0 [C:/Users/Fonea/Desktop/PROIECT SSC/ALU/ALU.srcs/sources_1/new/main.vhd:76]
WARNING: [Synth 8-3295] tying undriven pin ssd:Data[21] to constant 0 [C:/Users/Fonea/Desktop/PROIECT SSC/ALU/ALU.srcs/sources_1/new/main.vhd:76]
WARNING: [Synth 8-3295] tying undriven pin ssd:Data[20] to constant 0 [C:/Users/Fonea/Desktop/PROIECT SSC/ALU/ALU.srcs/sources_1/new/main.vhd:76]
WARNING: [Synth 8-3295] tying undriven pin ssd:Data[19] to constant 0 [C:/Users/Fonea/Desktop/PROIECT SSC/ALU/ALU.srcs/sources_1/new/main.vhd:76]
WARNING: [Synth 8-3295] tying undriven pin ssd:Data[18] to constant 0 [C:/Users/Fonea/Desktop/PROIECT SSC/ALU/ALU.srcs/sources_1/new/main.vhd:76]
WARNING: [Synth 8-3295] tying undriven pin ssd:Data[17] to constant 0 [C:/Users/Fonea/Desktop/PROIECT SSC/ALU/ALU.srcs/sources_1/new/main.vhd:76]
WARNING: [Synth 8-3295] tying undriven pin ssd:Data[16] to constant 0 [C:/Users/Fonea/Desktop/PROIECT SSC/ALU/ALU.srcs/sources_1/new/main.vhd:76]
WARNING: [Synth 8-3295] tying undriven pin ssd:Data[15] to constant 0 [C:/Users/Fonea/Desktop/PROIECT SSC/ALU/ALU.srcs/sources_1/new/main.vhd:76]
WARNING: [Synth 8-3295] tying undriven pin ssd:Data[14] to constant 0 [C:/Users/Fonea/Desktop/PROIECT SSC/ALU/ALU.srcs/sources_1/new/main.vhd:76]
WARNING: [Synth 8-3295] tying undriven pin ssd:Data[13] to constant 0 [C:/Users/Fonea/Desktop/PROIECT SSC/ALU/ALU.srcs/sources_1/new/main.vhd:76]
WARNING: [Synth 8-3295] tying undriven pin ssd:Data[12] to constant 0 [C:/Users/Fonea/Desktop/PROIECT SSC/ALU/ALU.srcs/sources_1/new/main.vhd:76]
WARNING: [Synth 8-3295] tying undriven pin ssd:Data[11] to constant 0 [C:/Users/Fonea/Desktop/PROIECT SSC/ALU/ALU.srcs/sources_1/new/main.vhd:76]
WARNING: [Synth 8-3295] tying undriven pin ssd:Data[10] to constant 0 [C:/Users/Fonea/Desktop/PROIECT SSC/ALU/ALU.srcs/sources_1/new/main.vhd:76]
WARNING: [Synth 8-3295] tying undriven pin ssd:Data[9] to constant 0 [C:/Users/Fonea/Desktop/PROIECT SSC/ALU/ALU.srcs/sources_1/new/main.vhd:76]
WARNING: [Synth 8-3295] tying undriven pin ssd:Data[8] to constant 0 [C:/Users/Fonea/Desktop/PROIECT SSC/ALU/ALU.srcs/sources_1/new/main.vhd:76]
---------------------------------------------------------------------------------
Finished RTL Optimization Phase 1 : Time (s): cpu = 00:01:23 ; elapsed = 00:09:22 . Memory (MB): peak = 897.438 ; gain = 685.301
---------------------------------------------------------------------------------
INFO: [Device 21-403] Loading part xc7a100tcsg324-1
INFO: [Project 1-570] Preparing netlist for logic optimization

Processing XDC Constraints
Initializing timing engine
Parsing XDC File [C:/Users/Fonea/Desktop/PROIECT SSC/ALU/ALU.srcs/constrs_1/imports/a is/Nexys4DDR_Master.xdc]
Finished Parsing XDC File [C:/Users/Fonea/Desktop/PROIECT SSC/ALU/ALU.srcs/constrs_1/imports/a is/Nexys4DDR_Master.xdc]
Completed Processing XDC Constraints

INFO: [Opt 31-138] Pushed 0 inverter(s) to 0 load pin(s).
INFO: [Project 1-111] Unisim Transformation Summary:
No Unisim elements were transformed.

RTL Elaboration Complete:  : Time (s): cpu = 00:01:38 ; elapsed = 00:09:35 . Memory (MB): peak = 1222.055 ; gain = 1009.918
20 Infos, 31 Warnings, 0 Critical Warnings and 0 Errors encountered.
synth_design completed successfully
synth_design: Time (s): cpu = 00:00:21 ; elapsed = 00:00:19 . Memory (MB): peak = 1222.055 ; gain = 360.441
exit
INFO: [Common 17-206] Exiting Vivado at Fri Dec 20 00:42:21 2019...
