  OpenGL_4_Application_VS2015.cpp
c:\users\fonea\desktop\spg\opengl_4_application_vs2015\opengl_4_application_vs2015\opengl_4_application_vs2015.cpp(54): warning C4244: 'initializing': conversion from 'double' to 'float', possible loss of data
c:\users\fonea\desktop\spg\opengl_4_application_vs2015\opengl_4_application_vs2015\opengl_4_application_vs2015.cpp(55): warning C4244: 'initializing': conversion from 'double' to 'float', possible loss of data
c:\users\fonea\desktop\spg\opengl_4_application_vs2015\opengl_4_application_vs2015\opengl_4_application_vs2015.cpp(289): warning C4244: '=': conversion from 'double' to 'float', possible loss of data
c:\users\fonea\desktop\spg\opengl_4_application_vs2015\opengl_4_application_vs2015\opengl_4_application_vs2015.cpp(290): warning C4244: '=': conversion from 'double' to 'float', possible loss of data
c:\users\fonea\desktop\spg\opengl_4_application_vs2015\opengl_4_application_vs2015\opengl_4_application_vs2015.cpp(294): warning C4244: 'initializing': conversion from 'double' to 'float', possible loss of data
c:\users\fonea\desktop\spg\opengl_4_application_vs2015\opengl_4_application_vs2015\opengl_4_application_vs2015.cpp(295): warning C4244: 'initializing': conversion from 'double' to 'float', possible loss of data
c:\users\fonea\desktop\spg\opengl_4_application_vs2015\opengl_4_application_vs2015\opengl_4_application_vs2015.cpp(296): warning C4244: '=': conversion from 'double' to 'float', possible loss of data
c:\users\fonea\desktop\spg\opengl_4_application_vs2015\opengl_4_application_vs2015\opengl_4_application_vs2015.cpp(297): warning C4244: '=': conversion from 'double' to 'float', possible loss of data
c:\users\fonea\desktop\spg\opengl_4_application_vs2015\opengl_4_application_vs2015\opengl_4_application_vs2015.cpp(458): warning C4305: 'argument': truncation from 'double' to 'GLclampf'
LINK : warning LNK4098: defaultlib 'LIBCMT' conflicts with use of other libs; use /NODEFAULTLIB:library
  Generating code
  64 of 2181 functions ( 2.9%) were compiled, the rest were copied from previous compilation.
    0 functions were new in current compilation
    0 functions had inline decision re-evaluated but remain unchanged
  Finished generating code
Mesh.obj : warning LNK4049: locally defined symbol ___glewGenBuffers imported
Mesh.obj : warning LNK4049: locally defined symbol ___glewGenVertexArrays imported
Mesh.obj : warning LNK4049: locally defined symbol ___glewActiveTexture imported
Mesh.obj : warning LNK4049: locally defined symbol ___glewBufferData imported
Mesh.obj : warning LNK4049: locally defined symbol ___glewGetUniformLocation imported
Mesh.obj : warning LNK4049: locally defined symbol ___glewUniform1i imported
Mesh.obj : warning LNK4049: locally defined symbol ___glewBindBuffer imported
Mesh.obj : warning LNK4049: locally defined symbol ___glewVertexAttribPointer imported
Mesh.obj : warning LNK4049: locally defined symbol ___glewBindVertexArray imported
Mesh.obj : warning LNK4049: locally defined symbol ___glewEnableVertexAttribArray imported
Model3D.obj : warning LNK4049: locally defined symbol ___glewGenerateMipmap imported
Shader.obj : warning LNK4049: locally defined symbol ___glewLinkProgram imported
Shader.obj : warning LNK4049: locally defined symbol ___glewDeleteShader imported
Shader.obj : warning LNK4049: locally defined symbol ___glewGetProgramInfoLog imported
Shader.obj : warning LNK4049: locally defined symbol ___glewShaderSource imported
Shader.obj : warning LNK4049: locally defined symbol ___glewAttachShader imported
Shader.obj : warning LNK4049: locally defined symbol ___glewGetProgramiv imported
Shader.obj : warning LNK4049: locally defined symbol ___glewGetShaderInfoLog imported
Shader.obj : warning LNK4049: locally defined symbol ___glewCreateProgram imported
Shader.obj : warning LNK4049: locally defined symbol ___glewCreateShader imported
Shader.obj : warning LNK4049: locally defined symbol ___glewCompileShader imported
Shader.obj : warning LNK4049: locally defined symbol ___glewGetShaderiv imported
Shader.obj : warning LNK4049: locally defined symbol ___glewUseProgram imported
SkyBox.obj : warning LNK4049: locally defined symbol ___glewUniformMatrix4fv imported
glew32s.lib(glew.obj) : warning LNK4099: PDB 'vc120.pdb' was not found with 'glew32s.lib(glew.obj)' or at 'C:\Users\Fonea\Desktop\spg\OpenGL_4_Application_VS2015\Release\vc120.pdb'; linking object as if no debug info
  OpenGL_4_Application_VS2015.vcxproj -> C:\Users\Fonea\Desktop\spg\OpenGL_4_Application_VS2015\Release\OpenGL_4_Application_VS2015.exe
