c:\users\fonea\desktop\spg\opengl_4_application_vs2015\opengl_4_application_vs2015\release\opengl_4_application_vs2015.pch
c:\users\fonea\desktop\spg\opengl_4_application_vs2015\opengl_4_application_vs2015\release\vc141.pdb
c:\users\fonea\desktop\spg\opengl_4_application_vs2015\opengl_4_application_vs2015\release\stdafx.obj
c:\users\fonea\desktop\spg\opengl_4_application_vs2015\opengl_4_application_vs2015\release\skybox.obj
c:\users\fonea\desktop\spg\opengl_4_application_vs2015\opengl_4_application_vs2015\release\shader.obj
c:\users\fonea\desktop\spg\opengl_4_application_vs2015\opengl_4_application_vs2015\release\opengl_4_application_vs2015.obj
c:\users\fonea\desktop\spg\opengl_4_application_vs2015\opengl_4_application_vs2015\release\model3d.obj
c:\users\fonea\desktop\spg\opengl_4_application_vs2015\opengl_4_application_vs2015\release\mesh.obj
c:\users\fonea\desktop\spg\opengl_4_application_vs2015\opengl_4_application_vs2015\release\camera.obj
c:\users\fonea\desktop\spg\opengl_4_application_vs2015\opengl_4_application_vs2015\release\stb_image.obj
c:\users\fonea\desktop\spg\opengl_4_application_vs2015\release\opengl_4_application_vs2015.exe
c:\users\fonea\desktop\spg\opengl_4_application_vs2015\release\opengl_4_application_vs2015.pdb
c:\users\fonea\desktop\spg\opengl_4_application_vs2015\release\opengl_4_application_vs2015.ipdb
c:\users\fonea\desktop\spg\opengl_4_application_vs2015\release\opengl_4_application_vs2015.iobj
c:\users\fonea\desktop\spg\opengl_4_application_vs2015\opengl_4_application_vs2015\release\opengl_4.59a67b95.tlog\cl.command.1.tlog
c:\users\fonea\desktop\spg\opengl_4_application_vs2015\opengl_4_application_vs2015\release\opengl_4.59a67b95.tlog\cl.read.1.tlog
c:\users\fonea\desktop\spg\opengl_4_application_vs2015\opengl_4_application_vs2015\release\opengl_4.59a67b95.tlog\cl.write.1.tlog
c:\users\fonea\desktop\spg\opengl_4_application_vs2015\opengl_4_application_vs2015\release\opengl_4.59a67b95.tlog\link.command.1.tlog
c:\users\fonea\desktop\spg\opengl_4_application_vs2015\opengl_4_application_vs2015\release\opengl_4.59a67b95.tlog\link.read.1.tlog
c:\users\fonea\desktop\spg\opengl_4_application_vs2015\opengl_4_application_vs2015\release\opengl_4.59a67b95.tlog\link.write.1.tlog
c:\users\fonea\desktop\spg\opengl_4_application_vs2015\opengl_4_application_vs2015\release\opengl_4.59a67b95.tlog\opengl_4_application_vs2015.write.1u.tlog
